2025-12-12 00:49:50,189 [INFO] SLURM_ARRAY_TASK_ID: 0
2025-12-12 00:49:50,189 [INFO] SLURM_ARRAY_TASK_COUNT: 5
2025-12-12 00:49:57,365 [INFO] Total number of assemblies: 1958
2025-12-12 00:49:58,195 [INFO] Finished inserting GCF_024734705.1
2025-12-12 00:49:58,850 [INFO] Finished inserting GCF_036865525.1
2025-12-12 00:49:59,541 [INFO] Finished inserting GCF_019039255.1
2025-12-12 00:50:00,201 [INFO] Finished inserting GCF_026967475.1
2025-12-12 00:50:00,891 [INFO] Finished inserting GCA_026503285.1
2025-12-12 00:50:01,369 [INFO] Finished inserting GCF_014884525.1
2025-12-12 00:50:01,664 [INFO] Finished inserting GCF_021957165.1
2025-12-12 00:50:02,741 [INFO] Finished inserting GCF_039407195.1
2025-12-12 00:50:03,010 [INFO] Finished inserting GCF_003048685.2
2025-12-12 00:50:03,428 [INFO] Finished inserting GCF_027557445.1
2025-12-12 00:50:04,236 [INFO] Finished inserting GCA_042083005.1
2025-12-12 00:50:04,933 [INFO] Finished inserting GCF_041877755.1
2025-12-12 00:50:05,906 [INFO] Finished inserting GCF_014189435.1
2025-12-12 00:50:06,210 [INFO] Finished inserting GCF_003403315.2
2025-12-12 00:50:06,617 [INFO] Finished inserting GCF_027944555.1
2025-12-12 00:50:07,308 [INFO] Finished inserting GCF_041409665.1
2025-12-12 00:50:08,830 [INFO] Finished inserting GCF_036352095.1
2025-12-12 00:50:09,286 [INFO] Finished inserting GCF_030866705.2
2025-12-12 00:50:09,466 [INFO] Finished inserting GCA_042995305.1
2025-12-12 00:50:09,936 [INFO] Finished inserting GCF_045002855.1
2025-12-12 00:50:10,526 [INFO] Finished inserting GCF_016865365.1
2025-12-12 00:50:11,417 [INFO] Finished inserting GCF_037023145.1
2025-12-12 00:50:11,984 [INFO] Finished inserting GCF_045291495.1
2025-12-12 00:50:12,442 [INFO] Finished inserting GCA_029168355.1
2025-12-12 00:50:13,080 [INFO] Finished inserting GCA_025916135.1
2025-12-12 00:50:13,410 [INFO] Finished inserting GCF_041344845.1
2025-12-12 00:50:14,059 [INFO] Finished inserting GCF_023518175.1
2025-12-12 00:50:14,745 [INFO] Finished inserting GCF_014596845.2
2025-12-12 00:50:15,657 [INFO] Finished inserting GCA_001597795.2
2025-12-12 00:50:16,216 [INFO] Finished inserting GCF_000590535.2
2025-12-12 00:50:16,874 [INFO] Finished inserting GCF_040822065.1
2025-12-12 00:50:17,585 [INFO] Finished inserting GCF_038396765.1
2025-12-12 00:50:17,880 [INFO] Finished inserting GCA_030544625.1
2025-12-12 00:50:18,488 [INFO] Finished inserting GCF_004089895.1
2025-12-12 00:50:19,182 [INFO] Finished inserting GCF_029773025.1
2025-12-12 00:50:19,798 [INFO] Finished inserting GCF_017352195.1
2025-12-12 00:50:20,576 [INFO] Finished inserting GCF_963311185.1
2025-12-12 00:50:21,311 [INFO] Finished inserting GCF_035918275.1
2025-12-12 00:50:22,067 [INFO] Finished inserting GCF_023824035.1
2025-12-12 00:50:23,631 [INFO] Finished inserting GCA_027920625.1
2025-12-12 00:50:24,385 [INFO] Finished inserting GCF_016134935.2
2025-12-12 00:50:25,022 [INFO] Finished inserting GCF_030122845.1
2025-12-12 00:50:25,641 [INFO] Finished inserting GCF_030062355.1
2025-12-12 00:50:25,771 [INFO] Finished inserting GCA_016700315.1
2025-12-12 00:50:26,568 [INFO] Finished inserting GCF_030016165.2
2025-12-12 00:50:26,911 [INFO] Finished inserting GCF_033547075.1
2025-12-12 00:50:27,497 [INFO] Finished inserting GCF_019339445.1
2025-12-12 00:50:28,634 [INFO] Finished inserting GCF_029910215.1
2025-12-12 00:50:29,390 [INFO] Finished inserting GCF_031199965.1
2025-12-12 00:50:29,981 [INFO] Finished inserting GCF_015218525.1
2025-12-12 00:50:31,047 [INFO] Finished inserting GCA_024298805.1
2025-12-12 00:50:31,486 [INFO] Finished inserting GCF_024582975.1
2025-12-12 00:50:31,795 [INFO] Finished inserting GCF_041199995.1
2025-12-12 00:50:32,329 [INFO] Finished inserting GCF_019623905.1
2025-12-12 00:50:33,207 [INFO] Finished inserting GCF_041319315.1
2025-12-12 00:50:34,249 [INFO] Finished inserting GCF_033343995.1
2025-12-12 00:50:34,535 [INFO] Finished inserting GCA_041410925.1
2025-12-12 00:50:35,029 [INFO] Finished inserting GCF_016745095.1
2025-12-12 00:50:36,189 [INFO] Finished inserting GCF_013284245.2
2025-12-12 00:50:37,076 [INFO] Finished inserting GCA_014189655.1
2025-12-12 00:50:37,669 [INFO] Finished inserting GCF_023078355.1
2025-12-12 00:50:38,722 [INFO] Finished inserting GCF_042696965.1
2025-12-12 00:50:39,593 [INFO] Finished inserting GCF_023333675.1
2025-12-12 00:50:40,286 [INFO] Finished inserting GCF_031432835.1
2025-12-12 00:50:41,406 [INFO] Finished inserting GCF_019710495.1
2025-12-12 00:50:41,776 [INFO] Finished inserting GCA_018672315.1
2025-12-12 00:50:42,244 [INFO] Finished inserting GCF_032191775.1
2025-12-12 00:50:43,534 [INFO] Finished inserting GCF_019285695.1
2025-12-12 00:50:43,954 [INFO] Finished inserting GCF_014931565.1
2025-12-12 00:50:45,282 [INFO] Finished inserting GCF_021441825.1
2025-12-12 00:50:46,085 [INFO] Finished inserting GCF_026210455.1
2025-12-12 00:50:46,501 [INFO] Finished inserting GCF_036322605.1
2025-12-12 00:50:47,183 [INFO] Finished inserting GCF_026683955.1
2025-12-12 00:50:47,960 [INFO] Finished inserting GCF_041319915.1
2025-12-12 00:50:48,776 [INFO] Finished inserting GCF_040429625.1
2025-12-12 00:50:49,495 [INFO] Finished inserting GCF_042701255.1
2025-12-12 00:50:49,920 [INFO] Finished inserting GCA_025232375.1
2025-12-12 00:50:50,249 [INFO] Finished inserting GCF_030296935.1
2025-12-12 00:50:50,547 [INFO] Finished inserting GCF_030908405.1
2025-12-12 00:50:51,490 [INFO] Finished inserting GCA_007182875.1
2025-12-12 00:50:52,082 [INFO] Finished inserting GCF_037890695.1
2025-12-12 00:50:52,874 [INFO] Finished inserting GCA_030544685.1
2025-12-12 00:50:53,516 [INFO] Finished inserting GCF_042140135.1
2025-12-12 00:50:53,790 [INFO] Finished inserting GCF_029223725.1
2025-12-12 00:50:54,250 [INFO] Finished inserting GCA_016699445.1
2025-12-12 00:50:54,909 [INFO] Finished inserting GCF_024652905.1
2025-12-12 00:50:55,478 [INFO] Finished inserting GCF_006351725.2
2025-12-12 00:50:55,908 [INFO] Finished inserting GCF_042695135.1
2025-12-12 00:50:56,962 [INFO] Finished inserting GCF_040556325.1
2025-12-12 00:50:57,378 [INFO] Finished inserting GCA_036540995.1
2025-12-12 00:50:57,569 [INFO] Finished inserting GCF_030323565.1
2025-12-12 00:50:57,822 [INFO] Finished inserting GCF_964063445.1
2025-12-12 00:50:58,316 [INFO] Finished inserting GCF_042140105.1
2025-12-12 00:50:58,728 [INFO] Finished inserting GCF_040360365.1
2025-12-12 00:50:59,782 [INFO] Finished inserting GCF_041320265.1
2025-12-12 00:51:00,659 [INFO] Finished inserting GCF_028451225.2
2025-12-12 00:51:01,372 [INFO] Finished inserting GCF_040833975.1
2025-12-12 00:51:02,268 [INFO] Finished inserting GCF_041228775.1
2025-12-12 00:51:03,103 [INFO] Finished inserting GCF_032401055.1
2025-12-12 00:51:04,346 [INFO] Finished inserting GCF_023973125.1
2025-12-12 00:51:04,851 [INFO] Finished inserting GCF_030123425.1
2025-12-12 00:51:05,419 [INFO] Finished inserting GCF_030848765.1
2025-12-12 00:51:05,651 [INFO] Finished inserting GCA_029011575.1
2025-12-12 00:51:06,323 [INFO] Finished inserting GCF_003797775.2
2025-12-12 00:51:07,304 [INFO] Finished inserting GCF_029201645.1
2025-12-12 00:51:07,903 [INFO] Finished inserting GCF_033412715.1
2025-12-12 00:51:09,138 [INFO] Finished inserting GCF_025642155.1
2025-12-12 00:51:09,508 [INFO] Finished inserting GCF_026914305.1
2025-12-12 00:51:09,622 [INFO] Finished inserting GCF_023016305.1
2025-12-12 00:51:09,910 [INFO] Finished inserting GCF_040364225.1
2025-12-12 00:51:10,979 [INFO] Finished inserting GCF_044865155.1
2025-12-12 00:51:11,511 [INFO] Finished inserting GCF_041075135.1
2025-12-12 00:51:11,999 [INFO] Finished inserting GCF_026625065.1
2025-12-12 00:51:12,501 [INFO] Finished inserting GCF_040207125.1
2025-12-12 00:51:13,311 [INFO] Finished inserting GCF_022059845.1
2025-12-12 00:51:14,270 [INFO] Finished inserting GCF_013347965.1
2025-12-12 00:51:15,063 [INFO] Finished inserting GCF_023278105.1
2025-12-12 00:51:15,632 [INFO] Finished inserting GCF_032680905.1
2025-12-12 00:51:16,074 [INFO] Finished inserting GCF_015034585.1
2025-12-12 00:51:16,644 [INFO] Finished inserting GCF_046111155.1
2025-12-12 00:51:17,734 [INFO] Finished inserting GCF_042691665.1
2025-12-12 00:51:18,041 [INFO] Finished inserting GCF_046097215.1
2025-12-12 00:51:18,409 [INFO] Finished inserting GCF_028009925.1
2025-12-12 00:51:19,450 [INFO] Finished inserting GCF_039134555.1
2025-12-12 00:51:19,957 [INFO] Finished inserting GCF_023373785.1
2025-12-12 00:51:20,288 [INFO] Finished inserting GCF_040364415.1
2025-12-12 00:51:20,817 [INFO] Finished inserting GCF_011047315.1
2025-12-12 00:51:21,558 [INFO] Finished inserting GCA_030622875.1
2025-12-12 00:51:22,389 [INFO] Finished inserting GCF_045037865.1
2025-12-12 00:51:23,000 [INFO] Finished inserting GCF_042694625.1
2025-12-12 00:51:23,430 [INFO] Finished inserting GCF_024605785.1
2025-12-12 00:51:23,648 [INFO] Finished inserting GCF_044054575.1
2025-12-12 00:51:24,288 [INFO] Finished inserting GCF_019226825.1
2025-12-12 00:51:24,669 [INFO] Finished inserting GCA_041879355.1
2025-12-12 00:51:25,360 [INFO] Finished inserting GCF_030994125.1
2025-12-12 00:51:26,137 [INFO] Finished inserting GCF_042137985.1
2025-12-12 00:51:26,372 [INFO] Finished inserting GCF_006777025.1
2025-12-12 00:51:26,737 [INFO] Finished inserting GCF_026240795.1
2025-12-12 00:51:27,204 [INFO] Finished inserting GCF_023700225.1
2025-12-12 00:51:27,845 [INFO] Finished inserting GCF_011466815.1
2025-12-12 00:51:28,427 [INFO] Finished inserting GCF_009493695.2
2025-12-12 00:51:29,606 [INFO] Finished inserting GCF_029910075.1
2025-12-12 00:51:30,050 [INFO] Finished inserting GCF_025244985.1
2025-12-12 00:51:30,512 [INFO] Finished inserting GCF_034376615.1
2025-12-12 00:51:30,715 [INFO] Finished inserting GCF_035066605.1
2025-12-12 00:51:31,560 [INFO] Finished inserting GCF_040448675.1
2025-12-12 00:51:31,978 [INFO] Finished inserting GCF_013693775.1
2025-12-12 00:51:32,133 [INFO] Finished inserting GCF_040256845.1
2025-12-12 00:51:32,801 [INFO] Finished inserting GCF_030263895.1
2025-12-12 00:51:33,699 [INFO] Finished inserting GCA_038049885.1
2025-12-12 00:51:34,905 [INFO] Finished inserting GCF_036967205.1
2025-12-12 00:51:35,278 [INFO] Finished inserting GCF_046115725.1
2025-12-12 00:51:35,602 [INFO] Finished inserting GCF_964065115.1
2025-12-12 00:51:36,252 [INFO] Finished inserting GCF_024508255.1
2025-12-12 00:51:37,076 [INFO] Finished inserting GCF_009832885.1
2025-12-12 00:51:37,792 [INFO] Finished inserting GCF_029398215.1
2025-12-12 00:51:38,586 [INFO] Finished inserting GCA_024426085.1
2025-12-12 00:51:39,020 [INFO] Finished inserting GCF_030345315.1
2025-12-12 00:51:39,886 [INFO] Finished inserting GCF_018866325.1
2025-12-12 00:51:40,598 [INFO] Finished inserting GCF_007923145.1
2025-12-12 00:51:41,253 [INFO] Finished inserting GCF_030643805.1
2025-12-12 00:51:41,644 [INFO] Finished inserting GCF_038396345.1
2025-12-12 00:51:41,981 [INFO] Finished inserting GCA_045278705.1
2025-12-12 00:51:42,836 [INFO] Finished inserting GCF_044597695.1
2025-12-12 00:51:43,302 [INFO] Finished inserting GCF_027498035.1
2025-12-12 00:51:44,068 [INFO] Finished inserting GCF_024918355.1
2025-12-12 00:51:44,937 [INFO] Finished inserting GCF_029215815.1
2025-12-12 00:51:45,855 [INFO] Finished inserting GCF_044784385.1
2025-12-12 00:51:46,421 [INFO] Finished inserting GCF_015999585.1
2025-12-12 00:51:47,154 [INFO] Finished inserting GCF_025263725.1
2025-12-12 00:51:47,664 [INFO] Finished inserting GCF_002005285.1
2025-12-12 00:51:47,785 [INFO] Finished inserting GCF_027942315.1
2025-12-12 00:51:48,301 [INFO] Finished inserting GCF_026240635.1
2025-12-12 00:51:48,778 [INFO] Finished inserting GCA_016699405.1
2025-12-12 00:51:48,940 [INFO] Finished inserting GCF_040790725.1
2025-12-12 00:51:49,274 [INFO] Finished inserting GCF_019703875.1
2025-12-12 00:51:50,115 [INFO] Finished inserting GCF_019739075.1
2025-12-12 00:51:50,702 [INFO] Finished inserting GCF_034423835.1
2025-12-12 00:51:51,502 [INFO] Finished inserting GCF_003994735.1
2025-12-12 00:51:51,671 [INFO] Finished inserting GCF_040084705.1
2025-12-12 00:51:51,885 [INFO] Finished inserting GCF_009936335.1
2025-12-12 00:51:52,448 [INFO] Finished inserting GCF_021729945.1
2025-12-12 00:51:53,056 [INFO] Finished inserting GCF_009646115.1
2025-12-12 00:51:53,219 [INFO] Finished inserting GCF_023277705.1
2025-12-12 00:51:53,507 [INFO] Finished inserting GCF_033564055.1
2025-12-12 00:51:54,045 [INFO] Finished inserting GCF_044359855.1
2025-12-12 00:51:54,495 [INFO] Finished inserting GCF_030864095.1
2025-12-12 00:51:54,616 [INFO] Finished inserting GCA_045401115.1
2025-12-12 00:51:54,953 [INFO] Finished inserting GCF_030758615.1
2025-12-12 00:51:55,638 [INFO] Finished inserting GCF_021398465.1
2025-12-12 00:51:56,116 [INFO] Finished inserting GCF_031583595.1
2025-12-12 00:51:56,570 [INFO] Finished inserting GCF_030296575.1
2025-12-12 00:51:57,139 [INFO] Finished inserting GCF_040112695.1
2025-12-12 00:51:58,039 [INFO] Finished inserting GCF_044056025.1
2025-12-12 00:51:58,618 [INFO] Finished inserting GCF_004102925.1
2025-12-12 00:51:59,361 [INFO] Finished inserting GCF_042245395.1
2025-12-12 00:51:59,992 [INFO] Finished inserting GCF_029962125.1
2025-12-12 00:52:00,774 [INFO] Finished inserting GCF_016801775.1
2025-12-12 00:52:01,407 [INFO] Finished inserting GCF_021379005.1
2025-12-12 00:52:02,251 [INFO] Finished inserting GCF_041545735.1
2025-12-12 00:52:02,851 [INFO] Finished inserting GCF_039619525.1
2025-12-12 00:52:04,012 [INFO] Finished inserting GCF_045571455.1
2025-12-12 00:52:04,120 [INFO] Finished inserting GCA_016699775.1
2025-12-12 00:52:04,702 [INFO] Finished inserting GCF_042140225.1
2025-12-12 00:52:05,251 [INFO] Finished inserting GCF_036322645.1
2025-12-12 00:52:06,031 [INFO] Finished inserting GCF_030123445.1
2025-12-12 00:52:06,489 [INFO] Finished inserting GCF_019603315.1
2025-12-12 00:52:07,143 [INFO] Finished inserting GCF_021276285.1
2025-12-12 00:52:07,736 [INFO] Finished inserting GCF_029855085.1
2025-12-12 00:52:08,137 [INFO] Finished inserting GCF_027569975.1
2025-12-12 00:52:08,745 [INFO] Finished inserting GCF_017301695.1
2025-12-12 00:52:09,341 [INFO] Finished inserting GCF_025765795.1
2025-12-12 00:52:10,255 [INFO] Finished inserting GCF_024758225.1
2025-12-12 00:52:11,136 [INFO] Finished inserting GCF_005944105.1
2025-12-12 00:52:11,394 [INFO] Finished inserting GCF_029674565.1
2025-12-12 00:52:11,934 [INFO] Finished inserting GCA_011302515.1
2025-12-12 00:52:12,293 [INFO] Finished inserting GCF_016865385.1
2025-12-12 00:52:12,861 [INFO] Finished inserting GCF_007859635.1
2025-12-12 00:52:13,119 [INFO] Finished inserting GCA_024970245.1
2025-12-12 00:52:13,802 [INFO] Finished inserting GCF_044591705.1
2025-12-12 00:52:13,891 [INFO] Finished inserting GCF_030295865.1
2025-12-12 00:52:14,992 [INFO] Finished inserting GCF_018223725.1
2025-12-12 00:52:16,025 [INFO] Finished inserting GCF_029201625.2
2025-12-12 00:52:16,765 [INFO] Finished inserting GCF_042696275.1
2025-12-12 00:52:17,897 [INFO] Finished inserting GCF_041080675.1
2025-12-12 00:52:18,450 [INFO] Finished inserting GCF_042700505.1
2025-12-12 00:52:18,913 [INFO] Finished inserting GCF_029395675.1
2025-12-12 00:52:20,030 [INFO] Finished inserting GCF_034562915.1
2025-12-12 00:52:20,669 [INFO] Finished inserting GCA_022539555.1
2025-12-12 00:52:21,455 [INFO] Finished inserting GCF_022437945.1
2025-12-12 00:52:22,025 [INFO] Finished inserting GCA_016699855.1
2025-12-12 00:52:22,767 [INFO] Finished inserting GCF_021223605.1
2025-12-12 00:52:23,368 [INFO] Finished inserting GCF_039613855.1
2025-12-12 00:52:24,064 [INFO] Finished inserting GCF_016599635.1
2025-12-12 00:52:24,486 [INFO] Finished inserting GCF_036632915.2
2025-12-12 00:52:24,985 [INFO] Finished inserting GCF_000466905.3
2025-12-12 00:52:26,055 [INFO] Finished inserting GCF_031767055.1
2025-12-12 00:52:26,606 [INFO] Finished inserting GCF_033571935.1
2025-12-12 00:52:27,580 [INFO] Finished inserting GCF_044501185.1
2025-12-12 00:52:27,814 [INFO] Finished inserting GCF_043161965.1
2025-12-12 00:52:28,391 [INFO] Finished inserting GCF_031198435.1
2025-12-12 00:52:28,807 [INFO] Finished inserting GCA_013693895.1
2025-12-12 00:52:29,705 [INFO] Finished inserting GCA_024703815.1
2025-12-12 00:52:30,295 [INFO] Finished inserting GCF_015243575.1
2025-12-12 00:52:30,552 [INFO] Finished inserting GCF_964642115.1
2025-12-12 00:52:31,465 [INFO] Finished inserting GCF_045571475.1
2025-12-12 00:52:31,964 [INFO] Finished inserting GCF_029625335.1
2025-12-12 00:52:32,813 [INFO] Finished inserting GCA_030544665.1
2025-12-12 00:52:34,084 [INFO] Finished inserting GCF_029910195.1
2025-12-12 00:52:34,809 [INFO] Finished inserting GCA_030388825.1
2025-12-12 00:52:35,896 [INFO] Finished inserting GCF_032917985.1
2025-12-12 00:52:36,115 [INFO] Finished inserting GCF_024138855.1
2025-12-12 00:52:36,443 [INFO] Finished inserting GCF_003515915.2
2025-12-12 00:52:37,240 [INFO] Finished inserting GCF_010646885.2
2025-12-12 00:52:38,204 [INFO] Finished inserting GCA_030323305.1
2025-12-12 00:52:38,568 [INFO] Finished inserting GCF_026810225.1
2025-12-12 00:52:38,822 [INFO] Finished inserting GCF_030517065.1
2025-12-12 00:52:39,414 [INFO] Finished inserting GCF_045037855.1
2025-12-12 00:52:40,075 [INFO] Finished inserting GCF_020525465.1
2025-12-12 00:52:40,374 [INFO] Finished inserting GCF_040371335.1
2025-12-12 00:52:40,833 [INFO] Finished inserting GCF_030913345.1
2025-12-12 00:52:41,129 [INFO] Finished inserting GCF_021957185.1
2025-12-12 00:52:41,671 [INFO] Finished inserting GCA_032594495.1
2025-12-12 00:52:42,477 [INFO] Finished inserting GCF_024721175.1
2025-12-12 00:52:43,187 [INFO] Finished inserting GCF_030505435.1
2025-12-12 00:52:44,042 [INFO] Finished inserting GCF_045160025.1
2025-12-12 00:52:44,741 [INFO] Finished inserting GCF_017577085.1
2025-12-12 00:52:45,516 [INFO] Finished inserting GCF_017068035.1
2025-12-12 00:52:46,212 [INFO] Finished inserting GCF_003064405.2
2025-12-12 00:52:46,828 [INFO] Finished inserting GCF_037076485.1
2025-12-12 00:52:47,703 [INFO] Finished inserting GCF_009578005.1
2025-12-12 00:52:48,270 [INFO] Finished inserting GCF_003359505.1
2025-12-12 00:52:48,990 [INFO] Finished inserting GCF_019968805.1
2025-12-12 00:52:49,679 [INFO] Finished inserting GCF_036865505.1
2025-12-12 00:52:50,268 [INFO] Finished inserting GCF_019355055.1
2025-12-12 00:52:50,528 [INFO] Finished inserting GCF_013113755.1
2025-12-12 00:52:51,734 [INFO] Finished inserting GCF_046197085.1
2025-12-12 00:52:52,362 [INFO] Finished inserting GCF_036326985.1
2025-12-12 00:52:52,949 [INFO] Finished inserting GCA_030011535.1
2025-12-12 00:52:53,297 [INFO] Finished inserting GCF_040267755.1
2025-12-12 00:52:53,761 [INFO] Finished inserting GCF_045040605.1
2025-12-12 00:52:54,120 [INFO] Finished inserting GCF_007795095.1
2025-12-12 00:52:54,536 [INFO] Finished inserting GCF_034374265.1
2025-12-12 00:52:55,529 [INFO] Finished inserting GCA_035921805.1
2025-12-12 00:52:56,152 [INFO] Finished inserting GCF_004115325.2
2025-12-12 00:52:56,515 [INFO] Finished inserting GCF_038106905.1
2025-12-12 00:52:57,125 [INFO] Finished inserting GCF_022867795.2
2025-12-12 00:52:57,603 [INFO] Finished inserting GCF_021654855.1
2025-12-12 00:52:57,957 [INFO] Finished inserting GCA_008118325.1
2025-12-12 00:52:58,813 [INFO] Finished inserting GCF_026314315.1
2025-12-12 00:52:59,982 [INFO] Finished inserting GCF_001854205.2
2025-12-12 00:53:00,435 [INFO] Finished inserting GCF_033723955.1
2025-12-12 00:53:01,099 [INFO] Finished inserting GCA_030544525.1
2025-12-12 00:53:01,615 [INFO] Finished inserting GCF_027943665.1
2025-12-12 00:53:02,437 [INFO] Finished inserting GCF_020520165.1
2025-12-12 00:53:03,106 [INFO] Finished inserting GCF_026170095.1
2025-12-12 00:53:03,949 [INFO] Finished inserting GCF_028215955.1
2025-12-12 00:53:05,208 [INFO] Finished inserting GCF_030285645.1
2025-12-12 00:53:05,534 [INFO] Finished inserting GCF_033145555.1
2025-12-12 00:53:06,187 [INFO] Finished inserting GCF_025946525.1
2025-12-12 00:53:07,074 [INFO] Finished inserting GCF_034424625.1
2025-12-12 00:53:07,424 [INFO] Finished inserting GCF_031445945.1
2025-12-12 00:53:07,749 [INFO] Finished inserting GCF_040364775.1
2025-12-12 00:53:08,536 [INFO] Finished inserting GCA_032615215.1
2025-12-12 00:53:09,345 [INFO] Finished inserting GCF_023023665.1
2025-12-12 00:53:09,382 [INFO] Finished inserting GCA_964022915.1
2025-12-12 00:53:09,475 [INFO] Finished inserting GCA_045401155.1
2025-12-12 00:53:10,207 [INFO] Finished inserting GCF_045278925.1
2025-12-12 00:53:10,873 [INFO] Finished inserting GCF_005116675.2
2025-12-12 00:53:11,562 [INFO] Finished inserting GCF_023920205.1
2025-12-12 00:53:11,860 [INFO] Finished inserting GCF_020510245.1
2025-12-12 00:53:12,434 [INFO] Finished inserting GCF_009707485.1
2025-12-12 00:53:13,135 [INFO] Finished inserting GCF_014168535.1
2025-12-12 00:53:13,730 [INFO] Finished inserting GCF_031202855.1
2025-12-12 00:53:14,286 [INFO] Finished inserting GCF_025723105.1
2025-12-12 00:53:14,969 [INFO] Finished inserting GCF_042494895.1
2025-12-12 00:53:15,327 [INFO] Finished inserting GCF_040409885.1
2025-12-12 00:53:15,807 [INFO] Finished inserting GCA_041879365.1
2025-12-12 00:53:16,636 [INFO] Finished inserting GCF_042698915.1
2025-12-12 00:53:17,290 [INFO] Finished inserting GCF_038396755.1
2025-12-12 00:53:17,839 [INFO] Finished inserting GCF_006094695.1
2025-12-12 00:53:18,534 [INFO] Finished inserting GCF_024365005.1
2025-12-12 00:53:19,149 [INFO] Finished inserting GCF_030440425.1
2025-12-12 00:53:19,823 [INFO] Finished inserting GCF_042850945.1
2025-12-12 00:53:20,392 [INFO] Finished inserting GCA_028131375.1
2025-12-12 00:53:20,765 [INFO] Finished inserting GCF_042214795.1
2025-12-12 00:53:21,409 [INFO] Finished inserting GCF_025946545.1
2025-12-12 00:53:21,978 [INFO] Finished inserting GCF_905175365.1
2025-12-12 00:53:22,499 [INFO] Finished inserting GCF_013171305.1
2025-12-12 00:53:22,930 [INFO] Finished inserting GCF_019357415.1
2025-12-12 00:53:23,116 [INFO] Finished inserting GCA_016699425.1
2025-12-12 00:53:23,704 [INFO] Finished inserting GCF_045343875.1
2025-12-12 00:53:24,319 [INFO] Finished inserting GCF_014596835.2
2025-12-12 00:53:24,757 [INFO] Finished inserting GCF_025837015.1
2025-12-12 00:53:25,288 [INFO] Finished inserting GCF_041225435.1
2025-12-12 00:53:25,798 [INFO] Finished inserting GCF_044881185.1
2025-12-12 00:53:27,121 [INFO] Finished inserting GCF_041346945.1
2025-12-12 00:53:27,639 [INFO] Finished inserting GCF_030296695.1
2025-12-12 00:53:28,309 [INFO] Finished inserting GCF_021216675.1
2025-12-12 00:53:29,112 [INFO] Finished inserting GCF_025643495.1
2025-12-12 00:53:29,923 [INFO] Finished inserting GCF_017569325.2
2025-12-12 00:53:30,996 [INFO] Finished inserting GCF_026239515.1
2025-12-12 00:53:31,392 [INFO] Finished inserting GCF_011064265.1
2025-12-12 00:53:31,923 [INFO] Finished inserting GCF_037113525.1
2025-12-12 00:53:32,589 [INFO] Finished inserting GCA_040208185.1
2025-12-12 00:53:33,637 [INFO] Finished inserting GCF_026802215.1
2025-12-12 00:53:34,026 [INFO] Finished inserting GCF_029536205.1
2025-12-12 00:53:34,685 [INFO] Finished inserting GCA_023612615.1
2025-12-12 00:53:35,362 [INFO] Finished inserting GCF_034424435.1
2025-12-12 00:53:35,960 [INFO] Finished inserting GCF_040970185.1
2025-12-12 00:53:36,329 [INFO] Finished inserting GCF_024300645.1
2025-12-12 00:53:37,224 [INFO] Finished inserting GCF_024734645.1
2025-12-12 00:53:37,547 [INFO] Finished inserting GCF_044596365.1
2025-12-12 00:53:38,371 [INFO] Finished inserting GCF_026686735.1
2025-12-12 00:53:39,020 [INFO] Finished inserting GCF_019931635.1
2025-12-12 00:53:39,563 [INFO] Finished inserting GCA_020524525.2
2025-12-12 00:53:39,960 [INFO] Finished inserting GCF_032769475.1
2025-12-12 00:53:40,425 [INFO] Finished inserting GCF_021582875.1
2025-12-12 00:53:41,115 [INFO] Finished inserting GCF_032367395.1
2025-12-12 00:53:41,896 [INFO] Finished inserting GCF_021398485.1
2025-12-12 00:53:43,273 [INFO] Finished inserting GCF_022846615.1
2025-12-12 00:53:43,807 [INFO] Finished inserting GCF_036428785.1
2025-12-12 00:53:44,244 [INFO] Finished inserting GCF_041153465.1
2025-12-12 00:53:44,640 [INFO] Finished inserting GCA_029961705.1
2025-12-12 00:53:45,082 [INFO] Finished inserting GCF_017498625.1
2025-12-12 00:53:45,635 [INFO] Finished inserting GCF_036362845.1
2025-12-12 00:53:46,280 [INFO] Finished inserting GCF_019334425.1
2025-12-12 00:53:46,940 [INFO] Finished inserting GCF_035758505.1
2025-12-12 00:53:47,438 [INFO] Finished inserting GCF_034424295.1
2025-12-12 00:53:47,922 [INFO] Finished inserting GCF_045012825.1
2025-12-12 00:53:48,786 [INFO] Finished inserting GCF_042695725.1
2025-12-12 00:53:49,553 [INFO] Finished inserting GCF_023094055.1
2025-12-12 00:53:50,360 [INFO] Finished inserting GCF_030915445.1
2025-12-12 00:53:51,271 [INFO] Finished inserting GCF_030166435.1
2025-12-12 00:53:51,596 [INFO] Finished inserting GCA_013693835.1
2025-12-12 00:53:52,297 [INFO] Finished inserting GCF_034353875.1
2025-12-12 00:53:52,568 [INFO] Finished inserting GCF_024220135.1
2025-12-12 00:53:53,630 [INFO] Finished inserting GCF_045571435.1
2025-12-12 00:53:54,403 [INFO] Finished inserting GCF_023823875.1
2025-12-12 00:53:55,138 [INFO] Finished inserting GCF_016925575.1
2025-12-12 00:53:55,261 [INFO] Finished inserting GCF_024730665.1
2025-12-12 00:53:55,719 [INFO] Finished inserting GCF_019856495.1
2025-12-12 00:53:56,257 [INFO] Finished inserting GCA_040954445.1
2025-12-12 00:53:56,812 [INFO] Finished inserting GCF_026013985.1
2025-12-12 00:53:57,359 [INFO] Finished inserting GCF_030067815.1
2025-12-12 00:53:57,920 [INFO] Finished inserting GCF_044905095.1
2025-12-12 00:53:58,349 [INFO] Finished inserting GCF_033110285.1
2025-12-12 00:53:58,842 [INFO] Finished inserting GCF_026410845.1
2025-12-12 00:53:59,473 [INFO] Finished inserting GCF_022700795.1
2025-12-12 00:54:00,078 [INFO] Finished inserting GCF_016811995.1
2025-12-12 00:54:00,992 [INFO] Finished inserting GCF_014189535.1
2025-12-12 00:54:01,367 [INFO] Finished inserting GCF_046115515.1
2025-12-12 00:54:03,077 [INFO] SLURM_ARRAY_TASK_ID: 0
2025-12-12 00:54:03,077 [INFO] SLURM_ARRAY_TASK_COUNT: 5
2025-12-12 00:54:29,641 [INFO] Finished inserting protein_cluster
2025-12-12 00:54:31,471 [INFO] SLURM_ARRAY_TASK_ID: 0
2025-12-12 00:54:31,471 [INFO] SLURM_ARRAY_TASK_COUNT: 5
2025-12-12 00:54:32,454 [INFO] Finished inserting metadata
