2025-12-12 00:49:50,180 [INFO] SLURM_ARRAY_TASK_ID: 4
2025-12-12 00:49:50,180 [INFO] SLURM_ARRAY_TASK_COUNT: 5
2025-12-12 00:49:57,365 [INFO] Total number of assemblies: 1958
2025-12-12 00:49:58,399 [INFO] Finished inserting GCF_003359225.1
2025-12-12 00:49:59,003 [INFO] Finished inserting GCF_902702935.1
2025-12-12 00:50:00,016 [INFO] Finished inserting GCF_025452195.1
2025-12-12 00:50:00,339 [INFO] Finished inserting GCA_016887505.1
2025-12-12 00:50:00,833 [INFO] Finished inserting GCF_016894325.1
2025-12-12 00:50:01,225 [INFO] Finished inserting GCF_042134615.1
2025-12-12 00:50:02,048 [INFO] Finished inserting GCF_018363015.1
2025-12-12 00:50:03,382 [INFO] Finished inserting GCF_041346955.1
2025-12-12 00:50:03,718 [INFO] Finished inserting GCF_039905885.1
2025-12-12 00:50:04,367 [INFO] Finished inserting GCF_021398935.1
2025-12-12 00:50:05,030 [INFO] Finished inserting GCF_003697165.2
2025-12-12 00:50:05,693 [INFO] Finished inserting GCF_043587585.1
2025-12-12 00:50:05,829 [INFO] Finished inserting GCF_006777105.1
2025-12-12 00:50:06,793 [INFO] Finished inserting GCF_013343235.1
2025-12-12 00:50:07,403 [INFO] Finished inserting GCF_014720855.1
2025-12-12 00:50:08,642 [INFO] Finished inserting GCF_023546765.1
2025-12-12 00:50:09,367 [INFO] Finished inserting GCF_027912195.1
2025-12-12 00:50:09,984 [INFO] Finished inserting GCF_021165935.1
2025-12-12 00:50:10,857 [INFO] Finished inserting GCF_029215915.1
2025-12-12 00:50:11,556 [INFO] Finished inserting GCF_046352915.1
2025-12-12 00:50:11,797 [INFO] Finished inserting GCF_041026655.1
2025-12-12 00:50:12,583 [INFO] Finished inserting GCF_030369695.1
2025-12-12 00:50:13,134 [INFO] Finished inserting GCF_031826515.1
2025-12-12 00:50:13,441 [INFO] Finished inserting GCF_018140535.1
2025-12-12 00:50:13,951 [INFO] Finished inserting GCF_041893525.1
2025-12-12 00:50:14,635 [INFO] Finished inserting GCF_033878955.1
2025-12-12 00:50:14,757 [INFO] Finished inserting GCF_013463555.1
2025-12-12 00:50:15,536 [INFO] Finished inserting GCF_037113495.1
2025-12-12 00:50:16,294 [INFO] Finished inserting GCA_014884465.1
2025-12-12 00:50:16,807 [INFO] Finished inserting GCF_029590395.1
2025-12-12 00:50:17,230 [INFO] Finished inserting GCA_045348575.1
2025-12-12 00:50:17,619 [INFO] Finished inserting GCF_028747625.1
2025-12-12 00:50:18,185 [INFO] Finished inserting GCF_024759505.1
2025-12-12 00:50:18,662 [INFO] Finished inserting GCF_028872215.1
2025-12-12 00:50:19,235 [INFO] Finished inserting GCF_039613825.1
2025-12-12 00:50:19,709 [INFO] Finished inserting GCA_004771215.1
2025-12-12 00:50:20,097 [INFO] Finished inserting GCF_030219945.1
2025-12-12 00:50:20,761 [INFO] Finished inserting GCF_036670015.1
2025-12-12 00:50:21,279 [INFO] Finished inserting GCA_031655335.1
2025-12-12 00:50:21,847 [INFO] Finished inserting GCF_022871065.1
2025-12-12 00:50:22,940 [INFO] Finished inserting GCF_036865545.1
2025-12-12 00:50:23,856 [INFO] Finished inserting GCF_030296655.1
2025-12-12 00:50:24,455 [INFO] Finished inserting GCF_030345295.1
2025-12-12 00:50:24,793 [INFO] Finished inserting GCF_037081835.1
2025-12-12 00:50:25,401 [INFO] Finished inserting GCF_041081105.1
2025-12-12 00:50:26,357 [INFO] Finished inserting GCF_024918735.1
2025-12-12 00:50:26,973 [INFO] Finished inserting GCA_024703835.1
2025-12-12 00:50:27,337 [INFO] Finished inserting GCF_046097455.1
2025-12-12 00:50:27,659 [INFO] Finished inserting GCF_042239055.1
2025-12-12 00:50:28,026 [INFO] Finished inserting GCF_029952405.1
2025-12-12 00:50:28,690 [INFO] Finished inserting GCA_024125655.1
2025-12-12 00:50:29,179 [INFO] Finished inserting GCF_030846735.1
2025-12-12 00:50:29,473 [INFO] Finished inserting GCF_030544585.1
2025-12-12 00:50:30,038 [INFO] Finished inserting GCA_013693915.1
2025-12-12 00:50:30,834 [INFO] Finished inserting GCF_002187935.3
2025-12-12 00:50:31,524 [INFO] Finished inserting GCF_006094475.1
2025-12-12 00:50:32,163 [INFO] Finished inserting GCF_018516785.1
2025-12-12 00:50:33,118 [INFO] Finished inserting GCF_029760955.1
2025-12-12 00:50:33,724 [INFO] Finished inserting GCF_026168515.1
2025-12-12 00:50:34,507 [INFO] Finished inserting GCF_030915485.1
2025-12-12 00:50:35,320 [INFO] Finished inserting GCF_036866455.1
2025-12-12 00:50:35,983 [INFO] Finished inserting GCF_024758965.1
2025-12-12 00:50:36,696 [INFO] Finished inserting GCF_019339365.1
2025-12-12 00:50:36,914 [INFO] Finished inserting GCF_043187475.1
2025-12-12 00:50:37,709 [INFO] Finished inserting GCF_036485475.1
2025-12-12 00:50:38,454 [INFO] Finished inserting GCF_014622645.1
2025-12-12 00:50:39,029 [INFO] Finished inserting GCF_044784375.1
2025-12-12 00:50:39,788 [INFO] Finished inserting GCF_028748965.1
2025-12-12 00:50:40,183 [INFO] Finished inserting GCF_964186585.1
2025-12-12 00:50:40,800 [INFO] Finished inserting GCF_012844345.1
2025-12-12 00:50:41,821 [INFO] Finished inserting GCF_019056675.1
2025-12-12 00:50:42,215 [INFO] Finished inserting GCF_030623315.1
2025-12-12 00:50:42,739 [INFO] Finished inserting GCF_021513255.1
2025-12-12 00:50:43,340 [INFO] Finished inserting GCF_963853655.1
2025-12-12 00:50:44,510 [INFO] Finished inserting GCF_030719235.1
2025-12-12 00:50:45,446 [INFO] Finished inserting GCF_042698365.1
2025-12-12 00:50:45,802 [INFO] Finished inserting GCA_044336205.1
2025-12-12 00:50:46,123 [INFO] Finished inserting GCF_964065235.1
2025-12-12 00:50:46,419 [INFO] Finished inserting GCF_027941735.1
2025-12-12 00:50:46,567 [INFO] Finished inserting GCF_024205245.1
2025-12-12 00:50:47,116 [INFO] Finished inserting GCF_045040595.1
2025-12-12 00:50:47,893 [INFO] Finished inserting GCA_024758885.1
2025-12-12 00:50:48,224 [INFO] Finished inserting GCF_029011355.1
2025-12-12 00:50:48,827 [INFO] Finished inserting GCF_026314945.1
2025-12-12 00:50:49,399 [INFO] Finished inserting GCF_035231185.1
2025-12-12 00:50:49,885 [INFO] Finished inserting GCF_012516435.1
2025-12-12 00:50:50,481 [INFO] Finished inserting GCF_032911225.1
2025-12-12 00:50:51,139 [INFO] Finished inserting GCA_025452115.1
2025-12-12 00:50:51,734 [INFO] Finished inserting GCF_037094785.1
2025-12-12 00:50:52,949 [INFO] Finished inserting GCF_024442335.1
2025-12-12 00:50:53,588 [INFO] Finished inserting GCF_043518605.1
2025-12-12 00:50:54,324 [INFO] Finished inserting GCF_037055265.1
2025-12-12 00:50:55,132 [INFO] Finished inserting GCF_018672515.1
2025-12-12 00:50:56,849 [INFO] Finished inserting GCA_018596355.1
2025-12-12 00:50:57,625 [INFO] Finished inserting GCF_964063345.1
2025-12-12 00:50:58,623 [INFO] Finished inserting GCF_018316655.1
2025-12-12 00:50:59,093 [INFO] Finished inserting GCF_028401385.2
2025-12-12 00:50:59,602 [INFO] Finished inserting GCA_016699835.1
2025-12-12 00:50:59,952 [INFO] Finished inserting GCA_013693755.1
2025-12-12 00:51:00,568 [INFO] Finished inserting GCF_027625435.1
2025-12-12 00:51:01,548 [INFO] Finished inserting GCF_008364625.2
2025-12-12 00:51:02,011 [INFO] Finished inserting GCA_016699815.1
2025-12-12 00:51:02,529 [INFO] Finished inserting GCA_045184175.1
2025-12-12 00:51:02,995 [INFO] Finished inserting GCF_024918935.1
2025-12-12 00:51:04,003 [INFO] Finished inserting GCF_043150135.1
2025-12-12 00:51:04,807 [INFO] Finished inserting GCF_029201665.1
2025-12-12 00:51:05,517 [INFO] Finished inserting GCF_033449965.1
2025-12-12 00:51:05,883 [INFO] Finished inserting GCA_016887485.1
2025-12-12 00:51:07,107 [INFO] Finished inserting GCF_016698685.1
2025-12-12 00:51:07,393 [INFO] Finished inserting GCA_044056775.1
2025-12-12 00:51:08,135 [INFO] Finished inserting GCF_019856235.1
2025-12-12 00:51:09,211 [INFO] Finished inserting GCF_034054735.1
2025-12-12 00:51:09,607 [INFO] Finished inserting GCF_029011725.1
2025-12-12 00:51:10,321 [INFO] Finished inserting GCF_001952815.1
2025-12-12 00:51:11,077 [INFO] Finished inserting GCF_010977555.1
2025-12-12 00:51:11,566 [INFO] Finished inserting GCF_034377005.1
2025-12-12 00:51:12,323 [INFO] Finished inserting GCF_025732135.1
2025-12-12 00:51:12,607 [INFO] Finished inserting GCF_035609305.1
2025-12-12 00:51:13,013 [INFO] Finished inserting GCA_036322835.1
2025-12-12 00:51:13,461 [INFO] Finished inserting GCF_015209785.1
2025-12-12 00:51:14,034 [INFO] Finished inserting GCF_044872955.1
2025-12-12 00:51:14,179 [INFO] Finished inserting GCF_016452245.2
2025-12-12 00:51:14,893 [INFO] Finished inserting GCF_041475595.1
2025-12-12 00:51:15,704 [INFO] Finished inserting GCF_032999765.1
2025-12-12 00:51:16,586 [INFO] Finished inserting GCF_041729625.1
2025-12-12 00:51:17,266 [INFO] Finished inserting GCF_009707365.1
2025-12-12 00:51:18,177 [INFO] Finished inserting GCF_028993575.1
2025-12-12 00:51:18,378 [INFO] Finished inserting GCF_023277645.1
2025-12-12 00:51:19,626 [INFO] Finished inserting GCF_021899435.1
2025-12-12 00:51:19,986 [INFO] Finished inserting GCF_029011275.1
2025-12-12 00:51:20,892 [INFO] Finished inserting GCF_037094645.1
2025-12-12 00:51:21,407 [INFO] Finished inserting GCF_030913655.1
2025-12-12 00:51:21,933 [INFO] Finished inserting GCF_033096465.1
2025-12-12 00:51:23,054 [INFO] Finished inserting GCA_034631695.1
2025-12-12 00:51:23,328 [INFO] Finished inserting GCA_032695835.1
2025-12-12 00:51:23,814 [INFO] Finished inserting GCF_019395145.1
2025-12-12 00:51:24,504 [INFO] Finished inserting GCF_007859655.1
2025-12-12 00:51:24,875 [INFO] Finished inserting GCF_046097415.1
2025-12-12 00:51:26,025 [INFO] Finished inserting GCF_040784895.1
2025-12-12 00:51:26,520 [INFO] Finished inserting GCF_024760085.1
2025-12-12 00:51:27,262 [INFO] Finished inserting GCA_013128495.1
2025-12-12 00:51:27,872 [INFO] Finished inserting GCF_020524355.2
2025-12-12 00:51:28,569 [INFO] Finished inserting GCA_024372495.1
2025-12-12 00:51:29,106 [INFO] Finished inserting GCF_021535045.1
2025-12-12 00:51:29,242 [INFO] Finished inserting GCF_045277585.1
2025-12-12 00:51:29,505 [INFO] Finished inserting GCF_041447105.1
2025-12-12 00:51:30,220 [INFO] Finished inserting GCF_024759125.1
2025-12-12 00:51:30,584 [INFO] Finished inserting GCF_031326165.1
2025-12-12 00:51:31,343 [INFO] Finished inserting GCA_013693955.1
2025-12-12 00:51:31,732 [INFO] Finished inserting GCA_028472985.1
2025-12-12 00:51:32,673 [INFO] Finished inserting GCA_024703875.1
2025-12-12 00:51:33,462 [INFO] Finished inserting GCF_905175355.1
2025-12-12 00:51:34,047 [INFO] Finished inserting GCA_044788385.1
2025-12-12 00:51:34,989 [INFO] Finished inserting GCF_044998965.1
2025-12-12 00:51:35,493 [INFO] Finished inserting GCF_024860185.1
2025-12-12 00:51:36,111 [INFO] Finished inserting GCF_014840975.1
2025-12-12 00:51:36,817 [INFO] Finished inserting GCF_037477885.1
2025-12-12 00:51:37,928 [INFO] Finished inserting GCF_003330725.1
2025-12-12 00:51:38,542 [INFO] Finished inserting GCF_030503835.1
2025-12-12 00:51:38,996 [INFO] Finished inserting GCF_019211725.1
2025-12-12 00:51:39,801 [INFO] Finished inserting GCF_030122765.1
2025-12-12 00:51:40,551 [INFO] Finished inserting GCF_045689255.1
2025-12-12 00:51:41,117 [INFO] Finished inserting GCF_040267745.1
2025-12-12 00:51:41,606 [INFO] Finished inserting GCF_022647505.1
2025-12-12 00:51:42,686 [INFO] Finished inserting GCF_021869645.1
2025-12-12 00:51:43,148 [INFO] Finished inserting GCF_036322625.1
2025-12-12 00:51:43,731 [INFO] Finished inserting GCF_029320885.1
2025-12-12 00:51:44,105 [INFO] Finished inserting GCF_045801155.1
2025-12-12 00:51:44,604 [INFO] Finished inserting GCA_035609365.1
2025-12-12 00:51:45,580 [INFO] Finished inserting GCF_037463925.1
2025-12-12 00:51:46,353 [INFO] Finished inserting GCF_014131715.1
2025-12-12 00:51:47,062 [INFO] Finished inserting GCA_030544705.1
2025-12-12 00:51:47,440 [INFO] Finished inserting GCF_041447125.1
2025-12-12 00:51:48,404 [INFO] Finished inserting GCF_004919535.4
2025-12-12 00:51:48,925 [INFO] Finished inserting GCF_041224405.1
2025-12-12 00:51:49,618 [INFO] Finished inserting GCF_036289045.1
2025-12-12 00:51:49,995 [INFO] Finished inserting GCF_964062795.1
2025-12-12 00:51:50,796 [INFO] Finished inserting GCA_030123465.1
2025-12-12 00:51:51,972 [INFO] Finished inserting GCF_026651855.1
2025-12-12 00:51:52,494 [INFO] Finished inserting GCF_023022965.1
2025-12-12 00:51:52,835 [INFO] Finished inserting GCF_045011645.1
2025-12-12 00:51:53,178 [INFO] Finished inserting GCF_022808015.1
2025-12-12 00:51:53,703 [INFO] Finished inserting GCF_018398975.1
2025-12-12 00:51:54,312 [INFO] Finished inserting GCF_006874765.1
2025-12-12 00:51:54,787 [INFO] Finished inserting GCF_038443675.1
2025-12-12 00:51:55,714 [INFO] Finished inserting GCF_003049825.1
2025-12-12 00:51:56,144 [INFO] Finished inserting GCF_045346035.1
2025-12-12 00:51:56,784 [INFO] Finished inserting GCF_042140235.1
2025-12-12 00:51:57,606 [INFO] Finished inserting GCF_042693265.1
2025-12-12 00:51:58,135 [INFO] Finished inserting GCF_038069655.2
2025-12-12 00:51:58,571 [INFO] Finished inserting GCF_018968665.1
2025-12-12 00:51:59,589 [INFO] Finished inserting GCF_041200145.1
2025-12-12 00:52:00,248 [INFO] Finished inserting GCF_021713115.1
2025-12-12 00:52:01,296 [INFO] Finished inserting GCF_026723725.1
2025-12-12 00:52:01,953 [INFO] Finished inserting GCF_023151555.2
2025-12-12 00:52:02,276 [INFO] Finished inserting GCF_039700225.1
2025-12-12 00:52:03,179 [INFO] Finished inserting GCA_023380185.1
2025-12-12 00:52:03,734 [INFO] Finished inserting GCF_030296635.1
2025-12-12 00:52:04,759 [INFO] Finished inserting GCF_025642175.1
2025-12-12 00:52:05,639 [INFO] Finished inserting GCF_026636035.1
2025-12-12 00:52:06,379 [INFO] Finished inserting GCF_024759565.1
2025-12-12 00:52:07,231 [INFO] Finished inserting GCF_024917675.1
2025-12-12 00:52:07,508 [INFO] Finished inserting GCF_021654515.1
2025-12-12 00:52:08,080 [INFO] Finished inserting GCF_964063325.1
2025-12-12 00:52:08,578 [INFO] Finished inserting GCF_025787225.1
2025-12-12 00:52:09,384 [INFO] Finished inserting GCF_019711195.1
2025-12-12 00:52:10,337 [INFO] Finished inserting GCF_947090785.1
2025-12-12 00:52:11,232 [INFO] Finished inserting GCF_030323265.1
2025-12-12 00:52:11,737 [INFO] Finished inserting GCF_900538275.1
2025-12-12 00:52:12,919 [INFO] Finished inserting GCF_014621695.1
2025-12-12 00:52:14,034 [INFO] Finished inserting GCF_045291505.1
2025-12-12 00:52:14,741 [INFO] Finished inserting GCF_029024985.1
2025-12-12 00:52:15,012 [INFO] Finished inserting GCA_018399055.1
2025-12-12 00:52:15,899 [INFO] Finished inserting GCF_042700715.1
2025-12-12 00:52:16,716 [INFO] Finished inserting GCF_023824095.1
2025-12-12 00:52:17,582 [INFO] Finished inserting GCF_025264625.1
2025-12-12 00:52:18,712 [INFO] Finished inserting GCF_013393925.1
2025-12-12 00:52:19,099 [INFO] Finished inserting GCF_033597815.2
2025-12-12 00:52:19,429 [INFO] Finished inserting GCF_044051705.1
2025-12-12 00:52:20,228 [INFO] Finished inserting GCF_032620035.1
2025-12-12 00:52:20,543 [INFO] Finished inserting GCF_028898865.1
2025-12-12 00:52:21,223 [INFO] Finished inserting GCF_021650705.1
2025-12-12 00:52:21,752 [INFO] Finished inserting GCF_031583575.1
2025-12-12 00:52:22,172 [INFO] Finished inserting GCF_004353525.1
2025-12-12 00:52:22,848 [INFO] Finished inserting GCF_044866915.1
2025-12-12 00:52:23,636 [INFO] Finished inserting GCA_029690005.1
2025-12-12 00:52:24,328 [INFO] Finished inserting GCF_037198305.1
2025-12-12 00:52:24,871 [INFO] Finished inserting GCA_045346125.1
2025-12-12 00:52:25,285 [INFO] Finished inserting GCF_046254925.1
2025-12-12 00:52:25,610 [INFO] Finished inserting GCA_045290315.1
2025-12-12 00:52:26,456 [INFO] Finished inserting GCF_017607425.1
2025-12-12 00:52:27,258 [INFO] Finished inserting GCF_025643095.1
2025-12-12 00:52:28,020 [INFO] Finished inserting GCF_036784815.1
2025-12-12 00:52:28,133 [INFO] Finished inserting GCA_016699915.1
2025-12-12 00:52:28,486 [INFO] Finished inserting GCF_964062735.1
2025-12-12 00:52:29,369 [INFO] Finished inserting GCF_023824175.1
2025-12-12 00:52:29,844 [INFO] Finished inserting GCF_035320825.1
2025-12-12 00:52:30,190 [INFO] Finished inserting GCF_046097315.1
2025-12-12 00:52:30,516 [INFO] Finished inserting GCF_021952485.1
2025-12-12 00:52:31,218 [INFO] Finished inserting GCA_044585415.1
2025-12-12 00:52:32,026 [INFO] Finished inserting GCF_021869685.1
2025-12-12 00:52:32,637 [INFO] Finished inserting GCF_036865515.1
2025-12-12 00:52:33,382 [INFO] Finished inserting GCF_025857195.1
2025-12-12 00:52:34,233 [INFO] Finished inserting GCF_035620215.1
2025-12-12 00:52:34,726 [INFO] Finished inserting GCF_009707465.1
2025-12-12 00:52:35,105 [INFO] Finished inserting GCF_018080005.1
2025-12-12 00:52:35,972 [INFO] Finished inserting GCF_036894225.1
2025-12-12 00:52:36,610 [INFO] Finished inserting GCF_021484805.1
2025-12-12 00:52:37,444 [INFO] Finished inserting GCA_016700115.1
2025-12-12 00:52:38,278 [INFO] Finished inserting GCF_020640995.1
2025-12-12 00:52:39,143 [INFO] Finished inserting GCF_044499395.1
2025-12-12 00:52:39,665 [INFO] Finished inserting GCF_009497895.1
2025-12-12 00:52:40,098 [INFO] Finished inserting GCF_030517105.1
2025-12-12 00:52:40,211 [INFO] Finished inserting GCA_016699085.1
2025-12-12 00:52:40,693 [INFO] Finished inserting GCF_025502585.1
2025-12-12 00:52:41,077 [INFO] Finished inserting GCF_040409935.1
2025-12-12 00:52:41,490 [INFO] Finished inserting GCF_023744375.2
2025-12-12 00:52:41,974 [INFO] Finished inserting GCF_020524035.2
2025-12-12 00:52:42,597 [INFO] Finished inserting GCF_018128945.1
2025-12-12 00:52:43,064 [INFO] Finished inserting GCF_964062745.1
2025-12-12 00:52:43,819 [INFO] Finished inserting GCA_029227815.1
2025-12-12 00:52:44,112 [INFO] Finished inserting GCF_042472175.1
2025-12-12 00:52:44,691 [INFO] Finished inserting GCF_030388345.1
2025-12-12 00:52:45,149 [INFO] Finished inserting GCF_045276935.1
2025-12-12 00:52:46,477 [INFO] Finished inserting GCF_045278895.1
2025-12-12 00:52:46,972 [INFO] Finished inserting GCF_032924185.1
2025-12-12 00:52:47,153 [INFO] Finished inserting GCA_016699205.1
2025-12-12 00:52:47,623 [INFO] Finished inserting GCF_030665425.1
2025-12-12 00:52:48,368 [INFO] Finished inserting GCF_042854845.1
2025-12-12 00:52:49,379 [INFO] Finished inserting GCF_026015985.1
2025-12-12 00:52:50,098 [INFO] Finished inserting GCF_044029535.1
2025-12-12 00:52:50,754 [INFO] Finished inserting GCF_015223545.3
2025-12-12 00:52:51,589 [INFO] Finished inserting GCF_014788985.1
2025-12-12 00:52:51,872 [INFO] Finished inserting GCF_007923185.1
2025-12-12 00:52:52,589 [INFO] Finished inserting GCF_033122725.1
2025-12-12 00:52:53,102 [INFO] Finished inserting GCF_042763285.1
2025-12-12 00:52:53,660 [INFO] Finished inserting GCF_020162095.1
2025-12-12 00:52:54,249 [INFO] Finished inserting GCF_011290605.1
2025-12-12 00:52:55,114 [INFO] Finished inserting GCF_024610635.1
2025-12-12 00:52:55,867 [INFO] Finished inserting GCF_023823775.1
2025-12-12 00:52:56,745 [INFO] Finished inserting GCF_025643595.1
2025-12-12 00:52:57,087 [INFO] Finished inserting GCF_015654125.1
2025-12-12 00:52:57,910 [INFO] Finished inserting GCF_030845255.1
2025-12-12 00:52:58,504 [INFO] Finished inserting GCF_041900585.1
2025-12-12 00:52:59,281 [INFO] Finished inserting GCF_041379005.1
2025-12-12 00:52:59,945 [INFO] Finished inserting GCF_013306495.1
2025-12-12 00:53:00,074 [INFO] Finished inserting GCA_032463725.2
2025-12-12 00:53:00,375 [INFO] Finished inserting GCF_964062605.1
2025-12-12 00:53:00,951 [INFO] Finished inserting GCF_044336395.1
2025-12-12 00:53:01,373 [INFO] Finished inserting GCF_022870985.1
2025-12-12 00:53:01,910 [INFO] Finished inserting GCF_026183385.1
2025-12-12 00:53:02,495 [INFO] Finished inserting GCF_027920765.2
2025-12-12 00:53:03,229 [INFO] Finished inserting GCF_037997175.1
2025-12-12 00:53:03,602 [INFO] Finished inserting GCF_040050875.1
2025-12-12 00:53:03,783 [INFO] Finished inserting GCF_032848195.1
2025-12-12 00:53:04,544 [INFO] Finished inserting GCF_034351645.1
2025-12-12 00:53:05,141 [INFO] Finished inserting GCF_036865555.1
2025-12-12 00:53:05,937 [INFO] Finished inserting GCF_013462275.1
2025-12-12 00:53:06,670 [INFO] Finished inserting GCF_021725435.1
2025-12-12 00:53:07,380 [INFO] Finished inserting GCF_027186325.1
2025-12-12 00:53:07,785 [INFO] Finished inserting GCF_018336615.1
2025-12-12 00:53:08,298 [INFO] Finished inserting GCF_020535165.1
2025-12-12 00:53:08,806 [INFO] Finished inserting GCF_025677645.1
2025-12-12 00:53:09,691 [INFO] Finished inserting GCF_007858555.1
2025-12-12 00:53:10,551 [INFO] Finished inserting GCF_030506325.1
2025-12-12 00:53:11,023 [INFO] Finished inserting GCF_014679505.1
2025-12-12 00:53:11,712 [INFO] Finished inserting GCF_029025785.1
2025-12-12 00:53:12,071 [INFO] Finished inserting GCF_026914285.1
2025-12-12 00:53:12,801 [INFO] Finished inserting GCF_022492935.1
2025-12-12 00:53:13,316 [INFO] Finished inserting GCF_026898095.1
2025-12-12 00:53:13,861 [INFO] Finished inserting GCF_026967555.1
2025-12-12 00:53:14,869 [INFO] Finished inserting GCF_018204675.1
2025-12-12 00:53:15,367 [INFO] Finished inserting GCF_045063885.1
2025-12-12 00:53:15,835 [INFO] Finished inserting GCF_042847215.1
2025-12-12 00:53:16,194 [INFO] Finished inserting GCA_045689595.1
2025-12-12 00:53:16,702 [INFO] Finished inserting GCA_023213195.1
2025-12-12 00:53:17,419 [INFO] Finished inserting GCF_030123485.1
2025-12-12 00:53:17,867 [INFO] Finished inserting GCA_020683205.1
2025-12-12 00:53:18,467 [INFO] Finished inserting GCF_037482245.1
2025-12-12 00:53:19,083 [INFO] Finished inserting GCF_025244705.1
2025-12-12 00:53:19,743 [INFO] Finished inserting GCF_025398035.1
2025-12-12 00:53:21,174 [INFO] Finished inserting GCF_028736035.1
2025-12-12 00:53:21,797 [INFO] Finished inserting GCF_040412085.2
2025-12-12 00:53:22,601 [INFO] Finished inserting GCF_030064165.1
2025-12-12 00:53:23,553 [INFO] Finished inserting GCF_029834475.1
2025-12-12 00:53:24,121 [INFO] Finished inserting GCF_030166395.1
2025-12-12 00:53:24,915 [INFO] Finished inserting GCF_044813085.1
2025-12-12 00:53:25,526 [INFO] Finished inserting GCF_003860305.1
2025-12-12 00:53:26,125 [INFO] Finished inserting GCF_020520245.1
2025-12-12 00:53:26,993 [INFO] Finished inserting GCF_030123065.1
2025-12-12 00:53:27,257 [INFO] Finished inserting GCF_030246965.1
2025-12-12 00:53:27,956 [INFO] Finished inserting GCF_030285785.1
2025-12-12 00:53:28,173 [INFO] Finished inserting GCF_041006295.1
2025-12-12 00:53:29,595 [INFO] Finished inserting GCF_016887565.1
2025-12-12 00:53:30,359 [INFO] Finished inserting GCF_034377285.1
2025-12-12 00:53:30,672 [INFO] Finished inserting GCF_905186165.1
2025-12-12 00:53:31,227 [INFO] Finished inserting GCF_023278545.1
2025-12-12 00:53:31,472 [INFO] Finished inserting GCF_029011515.1
2025-12-12 00:53:32,041 [INFO] Finished inserting GCF_022648965.1
2025-12-12 00:53:32,888 [INFO] Finished inserting GCF_021513275.1
2025-12-12 00:53:33,032 [INFO] Finished inserting GCA_016699995.1
2025-12-12 00:53:33,986 [INFO] Finished inserting GCF_024734895.1
2025-12-12 00:53:34,883 [INFO] Finished inserting GCF_030285945.1
2025-12-12 00:53:35,678 [INFO] Finished inserting GCF_024759285.1
2025-12-12 00:53:36,009 [INFO] Finished inserting GCF_014352915.1
2025-12-12 00:53:36,581 [INFO] Finished inserting GCF_040760075.1
2025-12-12 00:53:36,941 [INFO] Finished inserting GCF_040409905.1
2025-12-12 00:53:37,615 [INFO] Finished inserting GCF_009184685.1
2025-12-12 00:53:38,057 [INFO] Finished inserting GCF_014274685.1
2025-12-12 00:53:38,491 [INFO] Finished inserting GCF_016250455.1
2025-12-12 00:53:39,522 [INFO] Finished inserting GCF_044055365.1
2025-12-12 00:53:39,804 [INFO] Finished inserting GCF_013745115.1
2025-12-12 00:53:40,851 [INFO] Finished inserting GCF_030719275.1
2025-12-12 00:53:41,701 [INFO] Finished inserting GCF_031326345.1
2025-12-12 00:53:42,369 [INFO] Finished inserting GCF_020524085.2
2025-12-12 00:53:43,662 [INFO] Finished inserting GCF_029215525.1
2025-12-12 00:53:44,021 [INFO] Finished inserting GCA_013693735.1
2025-12-12 00:53:44,908 [INFO] Finished inserting GCF_045866025.2
2025-12-12 00:53:45,748 [INFO] Finished inserting GCF_013393945.1
2025-12-12 00:53:46,484 [INFO] Finished inserting GCA_018310475.1
2025-12-12 00:53:47,164 [INFO] Finished inserting GCF_009388185.1
2025-12-12 00:53:47,461 [INFO] Finished inserting GCF_046244355.1
2025-12-12 00:53:47,983 [INFO] Finished inserting GCF_042853465.1
2025-12-12 00:53:48,681 [INFO] Finished inserting GCF_029457475.1
2025-12-12 00:53:48,983 [INFO] Finished inserting GCF_040369795.1
2025-12-12 00:53:49,517 [INFO] Finished inserting GCF_030376805.1
2025-12-12 00:53:50,567 [INFO] Finished inserting GCF_042466595.1
2025-12-12 00:53:51,168 [INFO] Finished inserting GCF_028201555.1
2025-12-12 00:53:51,541 [INFO] Finished inserting GCF_011064825.1
2025-12-12 00:53:52,500 [INFO] Finished inserting GCF_045348655.1
2025-12-12 00:53:53,031 [INFO] Finished inserting GCF_014679705.1
2025-12-12 00:53:53,707 [INFO] Finished inserting GCF_037076585.1
2025-12-12 00:53:54,215 [INFO] Finished inserting GCF_012931845.1
2025-12-12 00:53:55,049 [INFO] Finished inserting GCF_019704275.1
2025-12-12 00:53:55,691 [INFO] Finished inserting GCF_014211955.1
2025-12-12 00:53:56,345 [INFO] Finished inserting GCA_016025055.1
2025-12-12 00:53:56,979 [INFO] Finished inserting GCF_045715775.1
2025-12-12 00:53:57,402 [INFO] Finished inserting GCF_023373765.1
2025-12-12 00:53:57,723 [INFO] Finished inserting GCA_040215705.1
2025-12-12 00:53:58,316 [INFO] Finished inserting GCF_029643245.1
2025-12-12 00:53:58,803 [INFO] Finished inserting GCA_040782825.1
2025-12-12 00:53:59,897 [INFO] Finished inserting GCF_040571325.1
2025-12-12 00:54:00,096 [INFO] Finished inserting GCF_018141665.1
2025-12-12 00:54:01,105 [INFO] Finished inserting GCF_034343125.1
2025-12-12 00:54:01,756 [INFO] Finished inserting GCF_042748755.1
2025-12-12 00:54:02,186 [INFO] Finished inserting GCA_030913685.1
2025-12-12 00:54:02,934 [INFO] Finished inserting GCF_045277175.1
2025-12-12 00:54:03,712 [INFO] Finished inserting GCF_018199955.1
2025-12-12 00:54:04,400 [INFO] Finished inserting GCF_025426275.1
2025-12-12 00:54:04,594 [INFO] Finished inserting GCA_016699755.1
2025-12-12 00:54:05,157 [INFO] Finished inserting GCF_005144965.1
2025-12-12 00:54:06,857 [INFO] SLURM_ARRAY_TASK_ID: 4
2025-12-12 00:54:06,857 [INFO] SLURM_ARRAY_TASK_COUNT: 5
2025-12-12 00:54:19,317 [INFO] SLURM_ARRAY_TASK_ID: 4
2025-12-12 00:54:19,317 [INFO] SLURM_ARRAY_TASK_COUNT: 5
