2025-12-12 00:49:50,181 [INFO] SLURM_ARRAY_TASK_ID: 3
2025-12-12 00:49:50,181 [INFO] SLURM_ARRAY_TASK_COUNT: 5
2025-12-12 00:49:57,365 [INFO] Total number of assemblies: 1958
2025-12-12 00:49:58,100 [INFO] Finished inserting GCF_025997855.1
2025-12-12 00:49:58,907 [INFO] Finished inserting GCF_030705325.2
2025-12-12 00:49:59,582 [INFO] Finished inserting GCF_014042035.1
2025-12-12 00:50:00,275 [INFO] Finished inserting GCA_021065125.2
2025-12-12 00:50:00,541 [INFO] Finished inserting GCF_025884515.1
2025-12-12 00:50:01,255 [INFO] Finished inserting GCF_022558925.1
2025-12-12 00:50:01,737 [INFO] Finished inserting GCF_015191005.1
2025-12-12 00:50:02,081 [INFO] Finished inserting GCF_024399395.1
2025-12-12 00:50:02,995 [INFO] Finished inserting GCF_033802785.1
2025-12-12 00:50:03,693 [INFO] Finished inserting GCF_030291015.1
2025-12-12 00:50:04,299 [INFO] Finished inserting GCF_027116475.1
2025-12-12 00:50:04,968 [INFO] Finished inserting GCF_034345625.1
2025-12-12 00:50:05,600 [INFO] Finished inserting GCF_023634805.2
2025-12-12 00:50:05,855 [INFO] Finished inserting GCF_018176875.1
2025-12-12 00:50:06,545 [INFO] Finished inserting GCF_026153295.1
2025-12-12 00:50:07,340 [INFO] Finished inserting GCF_041956855.1
2025-12-12 00:50:08,332 [INFO] Finished inserting GCF_020861345.1
2025-12-12 00:50:08,682 [INFO] Finished inserting GCA_040364595.1
2025-12-12 00:50:09,530 [INFO] Finished inserting GCF_019968725.1
2025-12-12 00:50:10,220 [INFO] Finished inserting GCF_021398975.1
2025-12-12 00:50:10,712 [INFO] Finished inserting GCF_044595625.1
2025-12-12 00:50:11,280 [INFO] Finished inserting GCF_947090775.1
2025-12-12 00:50:12,231 [INFO] Finished inserting GCF_024971855.1
2025-12-12 00:50:13,382 [INFO] Finished inserting GCF_041228765.1
2025-12-12 00:50:13,567 [INFO] Finished inserting GCA_016864895.1
2025-12-12 00:50:13,990 [INFO] Finished inserting GCF_030157885.1
2025-12-12 00:50:14,692 [INFO] Finished inserting GCF_019924635.1
2025-12-12 00:50:15,469 [INFO] Finished inserting GCF_040762985.1
2025-12-12 00:50:16,119 [INFO] Finished inserting GCF_018588605.2
2025-12-12 00:50:16,714 [INFO] Finished inserting GCF_009936375.1
2025-12-12 00:50:18,008 [INFO] Finished inserting GCF_020542785.1
2025-12-12 00:50:18,694 [INFO] Finished inserting GCF_964186625.1
2025-12-12 00:50:19,301 [INFO] Finished inserting GCF_041733115.1
2025-12-12 00:50:19,838 [INFO] Finished inserting GCF_045159835.1
2025-12-12 00:50:21,175 [INFO] Finished inserting GCF_037081825.1
2025-12-12 00:50:21,612 [INFO] Finished inserting GCF_044597405.1
2025-12-12 00:50:23,784 [INFO] Finished inserting GCA_042692285.1
2025-12-12 00:50:24,497 [INFO] Finished inserting GCF_008931465.1
2025-12-12 00:50:25,211 [INFO] Finished inserting GCF_029168555.1
2025-12-12 00:50:26,290 [INFO] Finished inserting GCF_043099305.1
2025-12-12 00:50:26,881 [INFO] Finished inserting GCF_023588965.1
2025-12-12 00:50:27,544 [INFO] Finished inserting GCF_021768425.1
2025-12-12 00:50:28,773 [INFO] Finished inserting GCF_022807935.1
2025-12-12 00:50:29,503 [INFO] Finished inserting GCF_037055275.1
2025-12-12 00:50:30,660 [INFO] Finished inserting GCF_044055375.1
2025-12-12 00:50:31,408 [INFO] Finished inserting GCF_034346205.1
2025-12-12 00:50:31,991 [INFO] Finished inserting GCF_023078375.1
2025-12-12 00:50:32,930 [INFO] Finished inserting GCF_034424255.1
2025-12-12 00:50:33,545 [INFO] Finished inserting GCF_030297115.1
2025-12-12 00:50:34,351 [INFO] Finished inserting GCF_042140245.1
2025-12-12 00:50:35,177 [INFO] Finished inserting GCF_042699465.1
2025-12-12 00:50:35,920 [INFO] Finished inserting GCF_030913325.1
2025-12-12 00:50:36,827 [INFO] Finished inserting GCF_030719295.1
2025-12-12 00:50:37,400 [INFO] Finished inserting GCF_044784355.1
2025-12-12 00:50:37,882 [INFO] Finished inserting GCA_024628785.1
2025-12-12 00:50:38,612 [INFO] Finished inserting GCF_023023085.1
2025-12-12 00:50:39,531 [INFO] Finished inserting GCF_021117075.1
2025-12-12 00:50:39,982 [INFO] Finished inserting GCF_015140455.1
2025-12-12 00:50:40,324 [INFO] Finished inserting GCF_033877495.1
2025-12-12 00:50:40,843 [INFO] Finished inserting GCF_018972085.1
2025-12-12 00:50:41,431 [INFO] Finished inserting GCF_014725715.1
2025-12-12 00:50:42,066 [INFO] Finished inserting GCF_021049245.1
2025-12-12 00:50:43,087 [INFO] Finished inserting GCF_004006175.1
2025-12-12 00:50:43,859 [INFO] Finished inserting GCF_030123385.1
2025-12-12 00:50:44,405 [INFO] Finished inserting GCF_013127315.1
2025-12-12 00:50:44,526 [INFO] Finished inserting GCF_017656055.1
2025-12-12 00:50:45,518 [INFO] Finished inserting GCF_021431905.1
2025-12-12 00:50:45,972 [INFO] Finished inserting GCF_023278045.1
2025-12-12 00:50:46,922 [INFO] Finished inserting GCF_036687365.1
2025-12-12 00:50:47,559 [INFO] Finished inserting GCF_046245175.1
2025-12-12 00:50:48,035 [INFO] Finished inserting GCF_023898825.1
2025-12-12 00:50:48,871 [INFO] Finished inserting GCF_036871025.1
2025-12-12 00:50:49,550 [INFO] Finished inserting GCF_044596045.1
2025-12-12 00:50:51,362 [INFO] Finished inserting GCF_040114435.1
2025-12-12 00:50:52,054 [INFO] Finished inserting GCF_032710345.1
2025-12-12 00:50:52,984 [INFO] Finished inserting GCF_037327425.1
2025-12-12 00:50:53,626 [INFO] Finished inserting GCF_024362205.1
2025-12-12 00:50:54,661 [INFO] Finished inserting GCF_009789655.1
2025-12-12 00:50:54,800 [INFO] Finished inserting GCA_016699265.1
2025-12-12 00:50:55,265 [INFO] Finished inserting GCF_014884485.1
2025-12-12 00:50:56,170 [INFO] Finished inserting GCF_038246755.1
2025-12-12 00:50:56,886 [INFO] Finished inserting GCF_009740285.1
2025-12-12 00:50:57,345 [INFO] Finished inserting GCF_044594645.1
2025-12-12 00:50:57,881 [INFO] Finished inserting GCA_021555105.2
2025-12-12 00:50:58,364 [INFO] Finished inserting GCF_042134605.1
2025-12-12 00:50:58,957 [INFO] Finished inserting GCF_036320655.1
2025-12-12 00:50:59,673 [INFO] Finished inserting GCF_042140095.1
2025-12-12 00:51:00,612 [INFO] Finished inserting GCF_021869665.1
2025-12-12 00:51:01,421 [INFO] Finished inserting GCF_041315915.1
2025-12-12 00:51:02,325 [INFO] Finished inserting GCF_030369675.1
2025-12-12 00:51:02,885 [INFO] Finished inserting GCF_007182895.1
2025-12-12 00:51:03,431 [INFO] Finished inserting GCF_014679335.1
2025-12-12 00:51:04,070 [INFO] Finished inserting GCA_033977085.1
2025-12-12 00:51:04,681 [INFO] Finished inserting GCF_003234085.2
2025-12-12 00:51:05,256 [INFO] Finished inserting GCF_030016185.2
2025-12-12 00:51:06,165 [INFO] Finished inserting GCF_044056035.1
2025-12-12 00:51:06,998 [INFO] Finished inserting GCF_040801775.1
2025-12-12 00:51:07,619 [INFO] Finished inserting GCF_023612075.1
2025-12-12 00:51:08,528 [INFO] Finished inserting GCF_041319885.1
2025-12-12 00:51:09,276 [INFO] Finished inserting GCF_037213995.1
2025-12-12 00:51:09,870 [INFO] Finished inserting GCF_041318675.1
2025-12-12 00:51:10,918 [INFO] Finished inserting GCF_036670025.1
2025-12-12 00:51:11,545 [INFO] Finished inserting GCF_030296015.1
2025-12-12 00:51:12,046 [INFO] Finished inserting GCF_045061075.1
2025-12-12 00:51:12,636 [INFO] Finished inserting GCF_030915425.1
2025-12-12 00:51:13,062 [INFO] Finished inserting GCF_045070525.1
2025-12-12 00:51:13,627 [INFO] Finished inserting GCF_036322805.1
2025-12-12 00:51:13,936 [INFO] Finished inserting GCF_046097395.1
2025-12-12 00:51:15,176 [INFO] Finished inserting GCF_040254265.1
2025-12-12 00:51:16,547 [INFO] Finished inserting GCF_032917965.1
2025-12-12 00:51:17,184 [INFO] Finished inserting GCF_011067105.1
2025-12-12 00:51:18,099 [INFO] Finished inserting GCF_040215685.1
2025-12-12 00:51:18,872 [INFO] Finished inserting GCF_019295365.2
2025-12-12 00:51:19,567 [INFO] Finished inserting GCF_037081855.1
2025-12-12 00:51:20,125 [INFO] Finished inserting GCF_034376865.1
2025-12-12 00:51:20,934 [INFO] Finished inserting GCF_026183365.1
2025-12-12 00:51:22,048 [INFO] Finished inserting GCF_020341595.1
2025-12-12 00:51:22,486 [INFO] Finished inserting GCA_039995105.1
2025-12-12 00:51:23,309 [INFO] Finished inserting GCF_019550795.1
2025-12-12 00:51:23,700 [INFO] Finished inserting GCA_018388605.1
2025-12-12 00:51:24,319 [INFO] Finished inserting GCF_044594215.1
2025-12-12 00:51:24,536 [INFO] Finished inserting GCF_040790775.1
2025-12-12 00:51:25,472 [INFO] Finished inserting GCF_014489615.1
2025-12-12 00:51:26,247 [INFO] Finished inserting GCF_042019215.1
2025-12-12 00:51:27,155 [INFO] Finished inserting GCF_045013515.1
2025-12-12 00:51:27,794 [INFO] Finished inserting GCF_041320285.1
2025-12-12 00:51:28,624 [INFO] Finished inserting GCA_022836955.1
2025-12-12 00:51:29,064 [INFO] Finished inserting GCF_030291915.1
2025-12-12 00:51:29,353 [INFO] Finished inserting GCA_029269845.2
2025-12-12 00:51:29,815 [INFO] Finished inserting GCA_016699575.1
2025-12-12 00:51:30,252 [INFO] Finished inserting GCF_014117445.1
2025-12-12 00:51:31,402 [INFO] Finished inserting GCA_004000515.1
2025-12-12 00:51:32,260 [INFO] Finished inserting GCA_008011715.2
2025-12-12 00:51:33,141 [INFO] Finished inserting GCF_030915525.1
2025-12-12 00:51:33,982 [INFO] Finished inserting GCF_040760005.1
2025-12-12 00:51:35,067 [INFO] Finished inserting GCF_021028635.1
2025-12-12 00:51:35,426 [INFO] Finished inserting GCF_009799805.1
2025-12-12 00:51:35,964 [INFO] Finished inserting GCF_034376045.1
2025-12-12 00:51:36,449 [INFO] Finished inserting GCF_026104335.1
2025-12-12 00:51:37,005 [INFO] Finished inserting GCF_042140045.1
2025-12-12 00:51:38,107 [INFO] Finished inserting GCF_019078745.1
2025-12-12 00:51:38,785 [INFO] Finished inserting GCF_025133195.1
2025-12-12 00:51:39,264 [INFO] Finished inserting GCF_025264665.1
2025-12-12 00:51:39,982 [INFO] Finished inserting GCF_025765875.1
2025-12-12 00:51:40,485 [INFO] Finished inserting GCF_964063355.1
2025-12-12 00:51:41,364 [INFO] Finished inserting GCF_030123245.1
2025-12-12 00:51:41,742 [INFO] Finished inserting GCA_033170615.1
2025-12-12 00:51:42,800 [INFO] Finished inserting GCF_019968765.1
2025-12-12 00:51:43,662 [INFO] Finished inserting GCF_028993595.1
2025-12-12 00:51:44,136 [INFO] Finished inserting GCF_030758675.1
2025-12-12 00:51:44,725 [INFO] Finished inserting GCF_015218165.1
2025-12-12 00:51:45,516 [INFO] Finished inserting GCF_042140265.1
2025-12-12 00:51:46,317 [INFO] Finished inserting GCF_045063725.1
2025-12-12 00:51:46,768 [INFO] Finished inserting GCF_029211325.2
2025-12-12 00:51:47,378 [INFO] Finished inserting GCF_013344685.1
2025-12-12 00:51:47,820 [INFO] Finished inserting GCF_037323615.1
2025-12-12 00:51:48,534 [INFO] Finished inserting GCF_043950245.1
2025-12-12 00:51:49,199 [INFO] Finished inserting GCF_045037995.1
2025-12-12 00:51:49,695 [INFO] Finished inserting GCF_014679145.1
2025-12-12 00:51:50,483 [INFO] Finished inserting GCF_027171405.1
2025-12-12 00:51:51,394 [INFO] Finished inserting GCF_016599735.1
2025-12-12 00:51:52,066 [INFO] Finished inserting GCF_029866905.1
2025-12-12 00:51:52,397 [INFO] Finished inserting GCF_030758655.1
2025-12-12 00:51:52,723 [INFO] Finished inserting GCA_042140035.1
2025-12-12 00:51:52,960 [INFO] Finished inserting GCF_019614295.1
2025-12-12 00:51:53,603 [INFO] Finished inserting GCF_025244665.1
2025-12-12 00:51:54,095 [INFO] Finished inserting GCF_029510815.1
2025-12-12 00:51:55,148 [INFO] Finished inserting GCF_020026305.1
2025-12-12 00:51:55,908 [INFO] Finished inserting GCF_021365485.1
2025-12-12 00:51:56,861 [INFO] Finished inserting GCA_030179875.1
2025-12-12 00:51:57,316 [INFO] Finished inserting GCA_036321625.1
2025-12-12 00:51:58,001 [INFO] Finished inserting GCF_037935975.1
2025-12-12 00:51:58,661 [INFO] Finished inserting GCF_044881195.1
2025-12-12 00:51:59,407 [INFO] Finished inserting GCF_045277235.1
2025-12-12 00:51:59,737 [INFO] Finished inserting GCF_008586845.1
2025-12-12 00:52:00,381 [INFO] Finished inserting GCF_034555965.2
2025-12-12 00:52:01,166 [INFO] Finished inserting GCF_020386635.1
2025-12-12 00:52:01,831 [INFO] Finished inserting GCF_016598595.1
2025-12-12 00:52:02,994 [INFO] Finished inserting GCF_043099315.1
2025-12-12 00:52:03,961 [INFO] Finished inserting GCA_038024475.1
2025-12-12 00:52:04,640 [INFO] Finished inserting GCF_041200025.1
2025-12-12 00:52:05,908 [INFO] Finished inserting GCF_006516935.1
2025-12-12 00:52:06,454 [INFO] Finished inserting GCF_042699995.1
2025-12-12 00:52:06,753 [INFO] Finished inserting GCF_029011885.1
2025-12-12 00:52:07,051 [INFO] Finished inserting GCF_042033325.1
2025-12-12 00:52:07,413 [INFO] Finished inserting GCF_046097485.1
2025-12-12 00:52:08,038 [INFO] Finished inserting GCF_036322735.1
2025-12-12 00:52:08,492 [INFO] Finished inserting GCF_046112175.1
2025-12-12 00:52:10,097 [INFO] Finished inserting GCF_030285625.1
2025-12-12 00:52:10,643 [INFO] Finished inserting GCF_014672695.1
2025-12-12 00:52:11,259 [INFO] Finished inserting GCF_046097495.1
2025-12-12 00:52:11,330 [INFO] Finished inserting GCF_013463375.1
2025-12-12 00:52:12,023 [INFO] Finished inserting GCF_033947405.2
2025-12-12 00:52:12,354 [INFO] Finished inserting GCF_046058915.1
2025-12-12 00:52:12,839 [INFO] Finished inserting GCA_037888935.1
2025-12-12 00:52:13,585 [INFO] Finished inserting GCF_041281685.1
2025-12-12 00:52:14,201 [INFO] Finished inserting GCF_020641055.1
2025-12-12 00:52:14,792 [INFO] Finished inserting GCF_030291035.1
2025-12-12 00:52:15,439 [INFO] Finished inserting GCF_030053775.1
2025-12-12 00:52:16,152 [INFO] Finished inserting GCF_034347405.1
2025-12-12 00:52:16,375 [INFO] Finished inserting GCF_043004745.1
2025-12-12 00:52:17,733 [INFO] Finished inserting GCA_035927805.1
2025-12-12 00:52:18,604 [INFO] Finished inserting GCF_013116765.2
2025-12-12 00:52:19,288 [INFO] Finished inserting GCF_044056765.1
2025-12-12 00:52:19,592 [INFO] Finished inserting GCF_021560555.1
2025-12-12 00:52:20,193 [INFO] Finished inserting GCA_044357025.1
2025-12-12 00:52:20,836 [INFO] Finished inserting GCF_031233635.1
2025-12-12 00:52:21,383 [INFO] Finished inserting GCF_022819285.1
2025-12-12 00:52:22,336 [INFO] Finished inserting GCF_028771845.1
2025-12-12 00:52:22,890 [INFO] Finished inserting GCF_030503855.1
2025-12-12 00:52:23,322 [INFO] Finished inserting GCF_019884725.1
2025-12-12 00:52:24,601 [INFO] Finished inserting GCF_025642135.1
2025-12-12 00:52:25,060 [INFO] Finished inserting GCF_036322705.1
2025-12-12 00:52:25,546 [INFO] Finished inserting GCF_026013965.1
2025-12-12 00:52:26,005 [INFO] Finished inserting GCF_009189185.2
2025-12-12 00:52:26,532 [INFO] Finished inserting GCF_040409945.1
2025-12-12 00:52:26,728 [INFO] Finished inserting GCF_040790695.1
2025-12-12 00:52:27,896 [INFO] Finished inserting GCF_006094455.1
2025-12-12 00:52:29,200 [INFO] Finished inserting GCF_014489635.1
2025-12-12 00:52:29,593 [INFO] Finished inserting GCF_043634175.1
2025-12-12 00:52:30,267 [INFO] Finished inserting GCA_016864875.1
2025-12-12 00:52:31,128 [INFO] Finished inserting GCF_031884435.1
2025-12-12 00:52:31,559 [INFO] Finished inserting GCF_011065405.1
2025-12-12 00:52:31,995 [INFO] Finished inserting GCF_030908625.1
2025-12-12 00:52:32,719 [INFO] Finished inserting GCF_003994555.1
2025-12-12 00:52:33,269 [INFO] Finished inserting GCF_021596945.1
2025-12-12 00:52:33,993 [INFO] Finished inserting GCF_019334505.1
2025-12-12 00:52:34,983 [INFO] Finished inserting GCF_011006355.1
2025-12-12 00:52:35,852 [INFO] Finished inserting GCF_037076455.1
2025-12-12 00:52:35,984 [INFO] Finished inserting GCF_042465095.1
2025-12-12 00:52:36,812 [INFO] Finished inserting GCF_030123405.1
2025-12-12 00:52:37,378 [INFO] Finished inserting GCA_039880265.1
2025-12-12 00:52:38,240 [INFO] Finished inserting GCF_025452235.1
2025-12-12 00:52:39,261 [INFO] Finished inserting GCF_026240835.1
2025-12-12 00:52:39,985 [INFO] Finished inserting GCF_023518135.1
2025-12-12 00:52:40,663 [INFO] Finished inserting GCF_024971835.1
2025-12-12 00:52:40,889 [INFO] Finished inserting GCF_040790685.1
2025-12-12 00:52:41,526 [INFO] Finished inserting GCF_030544485.1
2025-12-12 00:52:41,641 [INFO] Finished inserting GCA_015257785.3
2025-12-12 00:52:42,437 [INFO] Finished inserting GCF_032924845.1
2025-12-12 00:52:42,659 [INFO] Finished inserting GCF_030758575.1
2025-12-12 00:52:43,974 [INFO] Finished inserting GCF_018223785.1
2025-12-12 00:52:45,025 [INFO] Finished inserting GCF_014263355.1
2025-12-12 00:52:45,320 [INFO] Finished inserting GCF_021957025.1
2025-12-12 00:52:46,173 [INFO] Finished inserting GCF_006088795.1
2025-12-12 00:52:46,538 [INFO] Finished inserting GCF_042182995.1
2025-12-12 00:52:46,881 [INFO] Finished inserting GCA_021044545.1
2025-12-12 00:52:47,141 [INFO] Finished inserting GCF_043000305.1
2025-12-12 00:52:47,445 [INFO] Finished inserting GCF_009676705.1
2025-12-12 00:52:47,989 [INFO] Finished inserting GCA_045040585.1
2025-12-12 00:52:48,512 [INFO] Finished inserting GCF_036323455.1
2025-12-12 00:52:48,945 [INFO] Finished inserting GCF_021957125.1
2025-12-12 00:52:49,524 [INFO] Finished inserting GCA_013347225.1
2025-12-12 00:52:50,508 [INFO] Finished inserting GCF_013284375.2
2025-12-12 00:52:50,993 [INFO] Finished inserting GCA_016403125.1
2025-12-12 00:52:52,029 [INFO] Finished inserting GCF_031583065.1
2025-12-12 00:52:52,617 [INFO] Finished inserting GCF_023221635.1
2025-12-12 00:52:53,253 [INFO] Finished inserting GCA_016700195.1
2025-12-12 00:52:54,089 [INFO] Finished inserting GCF_009649995.1
2025-12-12 00:52:54,749 [INFO] Finished inserting GCF_016865235.1
2025-12-12 00:52:55,686 [INFO] Finished inserting GCF_019598965.1
2025-12-12 00:52:56,354 [INFO] Finished inserting GCF_044905075.1
2025-12-12 00:52:56,807 [INFO] Finished inserting GCF_021513155.1
2025-12-12 00:52:57,711 [INFO] Finished inserting GCF_030505355.1
2025-12-12 00:52:58,709 [INFO] Finished inserting GCF_007558985.1
2025-12-12 00:52:59,390 [INFO] Finished inserting GCF_042134655.1
2025-12-12 00:53:00,040 [INFO] Finished inserting GCF_032842945.2
2025-12-12 00:53:00,914 [INFO] Finished inserting GCF_037099735.1
2025-12-12 00:53:01,552 [INFO] Finished inserting GCF_007995155.1
2025-12-12 00:53:02,396 [INFO] Finished inserting GCF_905175335.1
2025-12-12 00:53:03,073 [INFO] Finished inserting GCF_042140125.1
2025-12-12 00:53:03,554 [INFO] Finished inserting GCF_002901165.3
2025-12-12 00:53:04,454 [INFO] Finished inserting GCF_022701035.1
2025-12-12 00:53:05,465 [INFO] Finished inserting GCA_041920615.1
2025-12-12 00:53:06,013 [INFO] Finished inserting GCF_018604565.1
2025-12-12 00:53:06,514 [INFO] Finished inserting GCF_030296595.1
2025-12-12 00:53:06,984 [INFO] Finished inserting GCF_022983135.1
2025-12-12 00:53:07,711 [INFO] Finished inserting GCF_030915505.1
2025-12-12 00:53:08,376 [INFO] Finished inserting GCF_029866945.1
2025-12-12 00:53:08,764 [INFO] Finished inserting GCF_030758595.1
2025-12-12 00:53:09,605 [INFO] Finished inserting GCF_040729435.1
2025-12-12 00:53:10,241 [INFO] Finished inserting GCA_016801815.1
2025-12-12 00:53:10,979 [INFO] Finished inserting GCF_040687735.1
2025-12-12 00:53:11,457 [INFO] Finished inserting GCF_013423865.1
2025-12-12 00:53:12,157 [INFO] Finished inserting GCF_025639885.1
2025-12-12 00:53:12,512 [INFO] Finished inserting GCA_016699285.1
2025-12-12 00:53:13,410 [INFO] Finished inserting GCF_030123365.1
2025-12-12 00:53:14,160 [INFO] Finished inserting GCF_014171775.1
2025-12-12 00:53:14,428 [INFO] Finished inserting GCF_916098255.1
2025-12-12 00:53:14,907 [INFO] Finished inserting GCF_044324945.1
2025-12-12 00:53:15,458 [INFO] Finished inserting GCF_037478115.1
2025-12-12 00:53:16,358 [INFO] Finished inserting GCF_041956845.1
2025-12-12 00:53:17,208 [INFO] Finished inserting GCF_016653695.1
2025-12-12 00:53:17,894 [INFO] Finished inserting GCF_036865495.1
2025-12-12 00:53:18,705 [INFO] Finished inserting GCF_030915385.1
2025-12-12 00:53:19,234 [INFO] Finished inserting GCF_045781735.1
2025-12-12 00:53:19,994 [INFO] Finished inserting GCF_009429005.1
2025-12-12 00:53:20,449 [INFO] Finished inserting GCF_019774595.1
2025-12-12 00:53:20,812 [INFO] Finished inserting GCF_023221615.1
2025-12-12 00:53:21,546 [INFO] Finished inserting GCF_020520305.1
2025-12-12 00:53:21,886 [INFO] Finished inserting GCF_000466885.3
2025-12-12 00:53:22,546 [INFO] Finished inserting GCF_034371605.1
2025-12-12 00:53:23,095 [INFO] Finished inserting GCA_046113265.1
2025-12-12 00:53:23,444 [INFO] Finished inserting GCF_018176755.1
2025-12-12 00:53:23,723 [INFO] Finished inserting GCF_014596425.2
2025-12-12 00:53:24,476 [INFO] Finished inserting GCA_014873095.1
2025-12-12 00:53:25,146 [INFO] Finished inserting GCF_024628845.1
2025-12-12 00:53:25,617 [INFO] Finished inserting GCA_023213215.1
2025-12-12 00:53:26,648 [INFO] Finished inserting GCF_035320885.1
2025-12-12 00:53:27,325 [INFO] Finished inserting GCF_947090715.1
2025-12-12 00:53:28,032 [INFO] Finished inserting GCF_037853395.1
2025-12-12 00:53:29,309 [INFO] Finished inserting GCF_012273515.2
2025-12-12 00:53:29,851 [INFO] Finished inserting GCA_013414705.1
2025-12-12 00:53:30,597 [INFO] Finished inserting GCF_029536955.1
2025-12-12 00:53:31,282 [INFO] Finished inserting GCF_040893145.1
2025-12-12 00:53:32,172 [INFO] Finished inserting GCF_030167965.1
2025-12-12 00:53:32,343 [INFO] Finished inserting GCA_015219825.1
2025-12-12 00:53:32,756 [INFO] Finished inserting GCF_034375205.1
2025-12-12 00:53:33,730 [INFO] Finished inserting GCF_040267515.1
2025-12-12 00:53:34,131 [INFO] Finished inserting GCA_029537295.1
2025-12-12 00:53:34,992 [INFO] Finished inserting GCF_045278885.1
2025-12-12 00:53:35,817 [INFO] Finished inserting GCF_030848725.1
2025-12-12 00:53:36,380 [INFO] Finished inserting GCF_041956365.1
2025-12-12 00:53:36,848 [INFO] Finished inserting GCF_021391335.1
2025-12-12 00:53:37,340 [INFO] Finished inserting GCF_032925565.1
2025-12-12 00:53:38,238 [INFO] Finished inserting GCF_013822785.1
2025-12-12 00:53:38,902 [INFO] Finished inserting GCF_025758205.1
2025-12-12 00:53:39,293 [INFO] Finished inserting GCF_042608395.1
2025-12-12 00:53:40,007 [INFO] Finished inserting GCF_000525615.2
2025-12-12 00:53:40,387 [INFO] Finished inserting GCF_022811525.1
2025-12-12 00:53:40,976 [INFO] Finished inserting GCF_042434905.1
2025-12-12 00:53:41,637 [INFO] Finished inserting GCF_030122215.1
2025-12-12 00:53:42,724 [INFO] Finished inserting GCF_029542445.1
2025-12-12 00:53:43,758 [INFO] Finished inserting GCF_025725745.1
2025-12-12 00:53:44,576 [INFO] Finished inserting GCF_029690045.1
2025-12-12 00:53:45,425 [INFO] Finished inserting GCF_030995105.1
2025-12-12 00:53:45,914 [INFO] Finished inserting GCF_021561035.1
2025-12-12 00:53:46,343 [INFO] Finished inserting GCF_046097475.1
2025-12-12 00:53:46,971 [INFO] Finished inserting GCF_030064445.1
2025-12-12 00:53:47,308 [INFO] Finished inserting GCA_029320975.1
2025-12-12 00:53:47,887 [INFO] Finished inserting GCF_026723805.1
2025-12-12 00:53:48,362 [INFO] Finished inserting GCA_039237145.1
2025-12-12 00:53:49,400 [INFO] Finished inserting GCF_045037965.1
2025-12-12 00:53:50,193 [INFO] Finished inserting GCF_021278965.1
2025-12-12 00:53:51,231 [INFO] Finished inserting GCF_022811845.1
2025-12-12 00:53:52,398 [INFO] Finished inserting GCF_013414305.1
2025-12-12 00:53:52,921 [INFO] Finished inserting GCF_040833995.1
2025-12-12 00:53:53,755 [INFO] Finished inserting GCF_009857095.1
2025-12-12 00:53:54,439 [INFO] Finished inserting GCF_044054585.1
2025-12-12 00:53:55,219 [INFO] Finished inserting GCF_016925595.1
2025-12-12 00:53:56,552 [INFO] Finished inserting GCF_045291515.1
2025-12-12 00:53:57,246 [INFO] Finished inserting GCF_041956865.1
2025-12-12 00:53:57,676 [INFO] Finished inserting GCA_042140185.1
2025-12-12 00:53:57,881 [INFO] Finished inserting GCA_037076445.1
2025-12-12 00:53:59,016 [INFO] Finished inserting GCF_032105745.1
2025-12-12 00:53:59,526 [INFO] Finished inserting GCF_022369495.1
2025-12-12 00:54:00,847 [INFO] Finished inserting GCF_026239535.1
2025-12-12 00:54:02,055 [INFO] Finished inserting GCF_031593255.1
2025-12-12 00:54:03,402 [INFO] Finished inserting GCF_019599145.1
2025-12-12 00:54:04,066 [INFO] Finished inserting GCF_045865145.1
2025-12-12 00:54:04,321 [INFO] Finished inserting GCF_028750955.1
2025-12-12 00:54:04,578 [INFO] Finished inserting GCF_019334605.1
2025-12-12 00:54:05,410 [INFO] Finished inserting GCF_005116655.2
2025-12-12 00:54:06,561 [INFO] Finished inserting GCF_041080665.1
2025-12-12 00:54:07,147 [INFO] Finished inserting GCF_003994575.1
2025-12-12 00:54:07,647 [INFO] Finished inserting GCF_009671065.1
2025-12-12 00:54:08,333 [INFO] Finished inserting GCF_020428325.2
2025-12-12 00:54:09,239 [INFO] Finished inserting GCF_030435705.1
2025-12-12 00:54:10,641 [INFO] Finished inserting GCA_019316985.1
2025-12-12 00:54:11,490 [INFO] Finished inserting GCF_041729275.1
2025-12-12 00:54:12,075 [INFO] Finished inserting GCA_037236975.1
2025-12-12 00:54:13,506 [INFO] Finished inserting GCF_038452255.1
2025-12-12 00:54:14,145 [INFO] Finished inserting GCF_009667855.1
2025-12-12 00:54:15,092 [INFO] Finished inserting GCF_030518815.1
2025-12-12 00:54:16,713 [INFO] Finished inserting GCF_040961855.1
2025-12-12 00:54:17,386 [INFO] Finished inserting GCA_016699655.1
2025-12-12 00:54:18,511 [INFO] Finished inserting GCF_009789675.1
2025-12-12 00:54:19,039 [INFO] Finished inserting GCF_030067755.1
2025-12-12 00:54:19,406 [INFO] Finished inserting GCF_044595635.1
2025-12-12 00:54:26,993 [INFO] Database is locked, retrying 1/20
2025-12-12 00:54:29,567 [INFO] Finished inserting GCF_024362265.1
2025-12-12 00:54:29,764 [INFO] Finished inserting GCF_021378375.1
2025-12-12 00:54:31,204 [INFO] Finished inserting GCF_032917945.1
2025-12-12 00:54:31,677 [INFO] Finished inserting GCA_042140085.1
2025-12-12 00:54:32,190 [INFO] Finished inserting GCF_030291075.1
2025-12-12 00:54:33,478 [INFO] Finished inserting GCF_028198125.1
2025-12-12 00:54:33,898 [INFO] Finished inserting GCF_040801805.1
2025-12-12 00:54:34,797 [INFO] Finished inserting GCF_023824055.1
2025-12-12 00:54:35,938 [INFO] Finished inserting GCF_022832735.1
2025-12-12 00:54:36,544 [INFO] Finished inserting GCF_030297095.1
2025-12-12 00:54:37,115 [INFO] Finished inserting GCF_017570045.1
2025-12-12 00:54:37,464 [INFO] Finished inserting GCF_039955025.1
2025-12-12 00:54:39,012 [INFO] SLURM_ARRAY_TASK_ID: 3
2025-12-12 00:54:39,012 [INFO] SLURM_ARRAY_TASK_COUNT: 5
2025-12-12 00:54:48,564 [INFO] SLURM_ARRAY_TASK_ID: 3
2025-12-12 00:54:48,564 [INFO] SLURM_ARRAY_TASK_COUNT: 5
