2025-12-12 00:49:50,181 [INFO] SLURM_ARRAY_TASK_ID: 1
2025-12-12 00:49:50,181 [INFO] SLURM_ARRAY_TASK_COUNT: 5
2025-12-12 00:49:57,365 [INFO] Total number of assemblies: 1958
2025-12-12 00:49:58,466 [INFO] Finished inserting GCF_039728355.1
2025-12-12 00:49:58,945 [INFO] Finished inserting GCF_030762805.1
2025-12-12 00:49:59,396 [INFO] Finished inserting GCF_041530365.1
2025-12-12 00:50:00,319 [INFO] Finished inserting GCF_043769475.1
2025-12-12 00:50:01,339 [INFO] Finished inserting GCF_032110285.1
2025-12-12 00:50:02,608 [INFO] Finished inserting GCF_013009255.1
2025-12-12 00:50:03,051 [INFO] Finished inserting GCF_042926695.1
2025-12-12 00:50:03,799 [INFO] Finished inserting GCF_019968745.1
2025-12-12 00:50:04,125 [INFO] Finished inserting GCF_041281755.1
2025-12-12 00:50:05,211 [INFO] Finished inserting GCA_024703935.1
2025-12-12 00:50:06,010 [INFO] Finished inserting GCF_039697315.1
2025-12-12 00:50:06,515 [INFO] Finished inserting GCF_030534335.1
2025-12-12 00:50:07,131 [INFO] Finished inserting GCF_018389385.1
2025-12-12 00:50:07,522 [INFO] Finished inserting GCA_038446615.1
2025-12-12 00:50:08,438 [INFO] Finished inserting GCF_028743655.1
2025-12-12 00:50:09,225 [INFO] Finished inserting GCF_034354675.1
2025-12-12 00:50:09,486 [INFO] Finished inserting GCF_028370195.1
2025-12-12 00:50:10,138 [INFO] Finished inserting GCF_027942095.1
2025-12-12 00:50:10,546 [INFO] Finished inserting GCA_032620915.1
2025-12-12 00:50:10,800 [INFO] Finished inserting GCF_029011845.1
2025-12-12 00:50:11,133 [INFO] Finished inserting GCF_027118995.1
2025-12-12 00:50:11,483 [INFO] Finished inserting GCF_032463465.1
2025-12-12 00:50:12,053 [INFO] Finished inserting GCF_025642115.1
2025-12-12 00:50:12,638 [INFO] Finished inserting GCF_045184165.1
2025-12-12 00:50:13,008 [INFO] Finished inserting GCF_040267765.1
2025-12-12 00:50:13,680 [INFO] Finished inserting GCF_035749045.1
2025-12-12 00:50:14,191 [INFO] Finished inserting GCF_034344045.1
2025-12-12 00:50:15,104 [INFO] Finished inserting GCF_041014805.1
2025-12-12 00:50:16,184 [INFO] Finished inserting GCA_021484765.1
2025-12-12 00:50:16,527 [INFO] Finished inserting GCF_020889625.1
2025-12-12 00:50:17,096 [INFO] Finished inserting GCF_029023725.1
2025-12-12 00:50:17,473 [INFO] Finished inserting GCF_024362345.1
2025-12-12 00:50:18,225 [INFO] Finished inserting GCF_037039395.1
2025-12-12 00:50:19,129 [INFO] Finished inserting GCF_028885605.1
2025-12-12 00:50:19,908 [INFO] Finished inserting GCF_031583025.1
2025-12-12 00:50:20,651 [INFO] Finished inserting GCF_018417475.1
2025-12-12 00:50:21,237 [INFO] Finished inserting GCF_042140215.1
2025-12-12 00:50:21,632 [INFO] Finished inserting GCF_018389405.1
2025-12-12 00:50:23,963 [INFO] Finished inserting GCF_040529335.1
2025-12-12 00:50:24,628 [INFO] Finished inserting GCA_040361705.1
2025-12-12 00:50:25,264 [INFO] Finished inserting GCF_025264645.1
2025-12-12 00:50:25,852 [INFO] Finished inserting GCF_013009555.1
2025-12-12 00:50:26,638 [INFO] Finished inserting GCF_025946565.1
2025-12-12 00:50:27,307 [INFO] Finished inserting GCF_042232855.1
2025-12-12 00:50:27,936 [INFO] Finished inserting GCF_014171575.1
2025-12-12 00:50:28,732 [INFO] Finished inserting GCF_023516215.1
2025-12-12 00:50:29,594 [INFO] Finished inserting GCF_030388745.1
2025-12-12 00:50:30,161 [INFO] Finished inserting GCF_029689965.1
2025-12-12 00:50:30,952 [INFO] Finished inserting GCF_044502415.1
2025-12-12 00:50:31,079 [INFO] Finished inserting GCA_016699465.1
2025-12-12 00:50:31,860 [INFO] Finished inserting GCF_019702485.1
2025-12-12 00:50:32,269 [INFO] Finished inserting GCF_040500475.1
2025-12-12 00:50:33,662 [INFO] Finished inserting GCF_030285665.1
2025-12-12 00:50:34,405 [INFO] Finished inserting GCF_029543045.1
2025-12-12 00:50:34,978 [INFO] Finished inserting GCA_023213235.1
2025-12-12 00:50:36,089 [INFO] Finished inserting GCA_001652265.2
2025-12-12 00:50:36,505 [INFO] Finished inserting GCF_964642095.1
2025-12-12 00:50:37,598 [INFO] Finished inserting GCF_040744945.1
2025-12-12 00:50:38,381 [INFO] Finished inserting GCF_030123185.1
2025-12-12 00:50:38,896 [INFO] Finished inserting GCF_045040565.1
2025-12-12 00:50:39,482 [INFO] Finished inserting GCF_011057975.1
2025-12-12 00:50:39,882 [INFO] Finished inserting GCF_027474845.2
2025-12-12 00:50:40,228 [INFO] Finished inserting GCF_041199985.1
2025-12-12 00:50:40,885 [INFO] Finished inserting GCF_027474825.1
2025-12-12 00:50:41,637 [INFO] Finished inserting GCF_018316795.1
2025-12-12 00:50:42,141 [INFO] Finished inserting GCF_028747645.1
2025-12-12 00:50:42,801 [INFO] Finished inserting GCF_037076395.1
2025-12-12 00:50:43,274 [INFO] Finished inserting GCF_044597075.1
2025-12-12 00:50:43,929 [INFO] Finished inserting GCF_020043425.2
2025-12-12 00:50:44,200 [INFO] Finished inserting GCA_038095565.1
2025-12-12 00:50:44,289 [INFO] Finished inserting GCF_022058185.1
2025-12-12 00:50:45,382 [INFO] Finished inserting GCF_020535385.1
2025-12-12 00:50:45,765 [INFO] Finished inserting GCF_034422975.1
2025-12-12 00:50:46,377 [INFO] Finished inserting GCF_005576575.1
2025-12-12 00:50:46,772 [INFO] Finished inserting GCF_036866465.1
2025-12-12 00:50:47,688 [INFO] Finished inserting GCF_045571465.1
2025-12-12 00:50:48,279 [INFO] Finished inserting GCF_003627015.2
2025-12-12 00:50:48,731 [INFO] Finished inserting GCA_039234925.1
2025-12-12 00:50:49,462 [INFO] Finished inserting GCF_027366555.1
2025-12-12 00:50:50,091 [INFO] Finished inserting GCF_006542315.2
2025-12-12 00:50:50,731 [INFO] Finished inserting GCA_024600055.1
2025-12-12 00:50:51,163 [INFO] Finished inserting GCF_037055305.1
2025-12-12 00:50:51,918 [INFO] Finished inserting GCF_009002535.1
2025-12-12 00:50:52,914 [INFO] Finished inserting GCF_024381035.1
2025-12-12 00:50:53,556 [INFO] Finished inserting GCF_040822085.1
2025-12-12 00:50:54,405 [INFO] Finished inserting GCA_025452255.1
2025-12-12 00:50:55,065 [INFO] Finished inserting GCF_030517155.1
2025-12-12 00:50:55,306 [INFO] Finished inserting GCF_030758775.1
2025-12-12 00:50:56,122 [INFO] Finished inserting GCF_030144325.1
2025-12-12 00:50:56,458 [INFO] Finished inserting GCF_041081565.1
2025-12-12 00:50:57,098 [INFO] Finished inserting GCF_041937585.1
2025-12-12 00:50:57,408 [INFO] Finished inserting GCF_029011495.1
2025-12-12 00:50:57,700 [INFO] Finished inserting GCF_964062635.1
2025-12-12 00:50:58,042 [INFO] Finished inserting GCF_044053895.1
2025-12-12 00:50:58,899 [INFO] Finished inserting GCF_024759365.1
2025-12-12 00:50:59,728 [INFO] Finished inserting GCF_006440675.2
2025-12-12 00:51:00,730 [INFO] Finished inserting GCF_005280735.1
2025-12-12 00:51:01,316 [INFO] Finished inserting GCF_021398215.1
2025-12-12 00:51:01,981 [INFO] Finished inserting GCA_016699165.1
2025-12-12 00:51:02,408 [INFO] Finished inserting GCF_014884545.1
2025-12-12 00:51:02,930 [INFO] Finished inserting GCA_044357145.1
2025-12-12 00:51:03,119 [INFO] Finished inserting GCF_039555305.1
2025-12-12 00:51:04,177 [INFO] Finished inserting GCF_013393905.1
2025-12-12 00:51:04,730 [INFO] Finished inserting GCF_029625295.1
2025-12-12 00:51:04,952 [INFO] Finished inserting GCF_031190595.1
2025-12-12 00:51:05,630 [INFO] Finished inserting GCF_045710645.1
2025-12-12 00:51:05,967 [INFO] Finished inserting GCF_025919725.1
2025-12-12 00:51:06,499 [INFO] Finished inserting GCF_030291095.1
2025-12-12 00:51:07,246 [INFO] Finished inserting GCF_031582905.1
2025-12-12 00:51:08,109 [INFO] Finished inserting GCF_029215835.1
2025-12-12 00:51:08,716 [INFO] Finished inserting GCF_019880465.1
2025-12-12 00:51:09,461 [INFO] Finished inserting GCF_018399035.1
2025-12-12 00:51:10,237 [INFO] Finished inserting GCF_024917695.1
2025-12-12 00:51:12,247 [INFO] Finished inserting GCA_017163995.1
2025-12-12 00:51:12,874 [INFO] Finished inserting GCF_023923185.1
2025-12-12 00:51:13,582 [INFO] Finished inserting GCF_027570015.1
2025-12-12 00:51:14,160 [INFO] Finished inserting GCF_014596855.2
2025-12-12 00:51:14,633 [INFO] Finished inserting GCF_021611515.1
2025-12-12 00:51:15,402 [INFO] Finished inserting GCF_041319955.1
2025-12-12 00:51:16,499 [INFO] Finished inserting GCF_030552875.1
2025-12-12 00:51:16,669 [INFO] Finished inserting GCF_032849005.1
2025-12-12 00:51:17,512 [INFO] Finished inserting GCF_041003725.1
2025-12-12 00:51:17,760 [INFO] Finished inserting GCF_021513215.1
2025-12-12 00:51:18,220 [INFO] Finished inserting GCF_022870925.1
2025-12-12 00:51:18,629 [INFO] Finished inserting GCA_034477985.1
2025-12-12 00:51:19,396 [INFO] Finished inserting GCF_021398995.1
2025-12-12 00:51:19,733 [INFO] Finished inserting GCF_021513235.1
2025-12-12 00:51:19,925 [INFO] Finished inserting GCF_045866535.1
2025-12-12 00:51:20,857 [INFO] Finished inserting GCF_039698855.1
2025-12-12 00:51:21,364 [INFO] Finished inserting GCF_027941775.1
2025-12-12 00:51:21,678 [INFO] Finished inserting GCF_021957085.1
2025-12-12 00:51:22,314 [INFO] Finished inserting GCF_033170365.1
2025-12-12 00:51:23,583 [INFO] Finished inserting GCF_035918295.1
2025-12-12 00:51:24,453 [INFO] Finished inserting GCF_031344995.1
2025-12-12 00:51:25,214 [INFO] Finished inserting GCF_037023725.1
2025-12-12 00:51:25,497 [INFO] Finished inserting GCF_026153635.1
2025-12-12 00:51:26,284 [INFO] Finished inserting GCF_035658295.1
2025-12-12 00:51:27,103 [INFO] Finished inserting GCF_014596785.2
2025-12-12 00:51:28,166 [INFO] Finished inserting GCF_027627435.1
2025-12-12 00:51:28,974 [INFO] Finished inserting GCA_037234985.1
2025-12-12 00:51:29,892 [INFO] Finished inserting GCF_045571495.1
2025-12-12 00:51:30,321 [INFO] Finished inserting GCF_026625305.1
2025-12-12 00:51:30,544 [INFO] Finished inserting GCF_964084875.1
2025-12-12 00:51:31,687 [INFO] Finished inserting GCF_035969035.1
2025-12-12 00:51:32,188 [INFO] Finished inserting GCF_040833965.1
2025-12-12 00:51:33,033 [INFO] Finished inserting GCF_003994815.1
2025-12-12 00:51:33,577 [INFO] Finished inserting GCF_025402875.1
2025-12-12 00:51:34,006 [INFO] Finished inserting GCF_022809775.1
2025-12-12 00:51:34,196 [INFO] Finished inserting GCF_031205055.1
2025-12-12 00:51:35,252 [INFO] Finished inserting GCF_006094315.1
2025-12-12 00:51:35,719 [INFO] Finished inserting GCF_018399015.1
2025-12-12 00:51:36,193 [INFO] Finished inserting GCF_030344915.1
2025-12-12 00:51:36,968 [INFO] Finished inserting GCF_036549575.1
2025-12-12 00:51:37,727 [INFO] Finished inserting GCF_022647325.1
2025-12-12 00:51:38,156 [INFO] Finished inserting GCA_038446195.1
2025-12-12 00:51:38,250 [INFO] Finished inserting GCF_020497585.1
2025-12-12 00:51:38,813 [INFO] Finished inserting GCF_019264725.1
2025-12-12 00:51:39,110 [INFO] Finished inserting GCF_028335145.1
2025-12-12 00:51:39,414 [INFO] Finished inserting GCA_015693905.1
2025-12-12 00:51:40,437 [INFO] Finished inserting GCF_025252265.1
2025-12-12 00:51:41,177 [INFO] Finished inserting GCF_022701015.1
2025-12-12 00:51:41,572 [INFO] Finished inserting GCF_039954625.1
2025-12-12 00:51:42,883 [INFO] Finished inserting GCF_017569345.1
2025-12-12 00:51:43,255 [INFO] Finished inserting GCF_014884505.1
2025-12-12 00:51:44,019 [INFO] Finished inserting GCF_005853645.1
2025-12-12 00:51:44,641 [INFO] Finished inserting GCF_045348005.1
2025-12-12 00:51:44,744 [INFO] Finished inserting GCA_015256915.3
2025-12-12 00:51:45,802 [INFO] Finished inserting GCF_030719215.1
2025-12-12 00:51:46,516 [INFO] Finished inserting GCF_029537235.1
2025-12-12 00:51:47,258 [INFO] Finished inserting GCA_024703855.1
2025-12-12 00:51:48,482 [INFO] Finished inserting GCF_000280725.2
2025-12-12 00:51:49,312 [INFO] Finished inserting GCF_022759525.1
2025-12-12 00:51:49,785 [INFO] Finished inserting GCF_019443765.1
2025-12-12 00:51:50,638 [INFO] Finished inserting GCF_044054595.1
2025-12-12 00:51:50,959 [INFO] Finished inserting GCF_030758755.1
2025-12-12 00:51:51,314 [INFO] Finished inserting GCA_033470255.1
2025-12-12 00:51:52,017 [INFO] Finished inserting GCF_015708675.1
2025-12-12 00:51:52,613 [INFO] Finished inserting GCA_026967495.1
2025-12-12 00:51:53,568 [INFO] Finished inserting GCF_022827705.1
2025-12-12 00:51:54,162 [INFO] Finished inserting GCF_007859675.1
2025-12-12 00:51:54,426 [INFO] Finished inserting GCF_004104465.2
2025-12-12 00:51:54,735 [INFO] Finished inserting GCF_034373425.1
2025-12-12 00:51:55,241 [INFO] Finished inserting GCF_025665335.1
2025-12-12 00:51:56,090 [INFO] Finished inserting GCA_030913305.1
2025-12-12 00:51:56,530 [INFO] Finished inserting GCF_021290385.1
2025-12-12 00:51:57,270 [INFO] Finished inserting GCF_964033635.1
2025-12-12 00:51:57,898 [INFO] Finished inserting GCA_037081865.1
2025-12-12 00:51:58,818 [INFO] Finished inserting GCF_041015235.1
2025-12-12 00:51:59,159 [INFO] Finished inserting GCF_026240815.1
2025-12-12 00:51:59,612 [INFO] Finished inserting GCA_042697855.1
2025-12-12 00:52:00,080 [INFO] Finished inserting GCF_020991125.1
2025-12-12 00:52:01,227 [INFO] Finished inserting GCF_042465085.1
2025-12-12 00:52:01,755 [INFO] Finished inserting GCF_030296755.1
2025-12-12 00:52:02,581 [INFO] Finished inserting GCF_022700995.1
2025-12-12 00:52:03,236 [INFO] Finished inserting GCF_045780835.1
2025-12-12 00:52:03,575 [INFO] Finished inserting GCF_045865005.1
2025-12-12 00:52:03,758 [INFO] Finished inserting GCF_040790795.1
2025-12-12 00:52:04,335 [INFO] Finished inserting GCF_014856545.2
2025-12-12 00:52:04,554 [INFO] Finished inserting GCF_000439915.2
2025-12-12 00:52:05,078 [INFO] Finished inserting GCF_030122745.1
2025-12-12 00:52:05,573 [INFO] Finished inserting GCF_015217905.1
2025-12-12 00:52:06,305 [INFO] Finished inserting GCF_006228345.1
2025-12-12 00:52:07,383 [INFO] Finished inserting GCF_040761425.1
2025-12-12 00:52:08,112 [INFO] Finished inserting GCA_030994205.1
2025-12-12 00:52:08,644 [INFO] Finished inserting GCF_033096445.1
2025-12-12 00:52:08,996 [INFO] Finished inserting GCF_042140145.1
2025-12-12 00:52:09,477 [INFO] Finished inserting GCF_030284585.1
2025-12-12 00:52:10,440 [INFO] Finished inserting GCF_021399015.1
2025-12-12 00:52:11,490 [INFO] Finished inserting GCF_024442315.1
2025-12-12 00:52:11,857 [INFO] Finished inserting GCF_030908465.1
2025-12-12 00:52:12,260 [INFO] Finished inserting GCF_037290055.1
2025-12-12 00:52:13,029 [INFO] Finished inserting GCF_006094495.1
2025-12-12 00:52:14,149 [INFO] Finished inserting GCF_019287315.1
2025-12-12 00:52:14,647 [INFO] Finished inserting GCF_027941795.1
2025-12-12 00:52:15,536 [INFO] Finished inserting GCF_043099735.1
2025-12-12 00:52:16,209 [INFO] Finished inserting GCF_014596815.2
2025-12-12 00:52:16,346 [INFO] Finished inserting GCA_028752135.1
2025-12-12 00:52:16,681 [INFO] Finished inserting GCF_036420115.1
2025-12-12 00:52:17,529 [INFO] Finished inserting GCF_015168335.1
2025-12-12 00:52:18,032 [INFO] Finished inserting GCF_031202305.1
2025-12-12 00:52:18,522 [INFO] Finished inserting GCF_022759505.1
2025-12-12 00:52:18,797 [INFO] Finished inserting GCA_038095535.1
2025-12-12 00:52:19,315 [INFO] Finished inserting GCA_023242925.1
2025-12-12 00:52:19,767 [INFO] Finished inserting GCF_020412445.1
2025-12-12 00:52:20,053 [INFO] Finished inserting GCF_028751035.1
2025-12-12 00:52:20,491 [INFO] Finished inserting GCF_003224315.2
2025-12-12 00:52:21,308 [INFO] Finished inserting GCF_019968705.1
2025-12-12 00:52:21,837 [INFO] Finished inserting GCF_008329985.2
2025-12-12 00:52:22,372 [INFO] Finished inserting GCF_024266645.1
2025-12-12 00:52:23,299 [INFO] Finished inserting GCA_042694155.1
2025-12-12 00:52:24,250 [INFO] Finished inserting GCF_030908285.1
2025-12-12 00:52:24,936 [INFO] Finished inserting GCF_029873395.1
2025-12-12 00:52:25,250 [INFO] Finished inserting GCF_045038405.1
2025-12-12 00:52:25,880 [INFO] Finished inserting GCF_023016265.1
2025-12-12 00:52:26,495 [INFO] Finished inserting GCF_045257525.1
2025-12-12 00:52:27,209 [INFO] Finished inserting GCF_038396325.1
2025-12-12 00:52:27,666 [INFO] Finished inserting GCF_019822885.1
2025-12-12 00:52:28,104 [INFO] Finished inserting GCF_013462805.1
2025-12-12 00:52:29,033 [INFO] Finished inserting GCF_024134545.1
2025-12-12 00:52:29,761 [INFO] Finished inserting GCF_019968685.1
2025-12-12 00:52:30,335 [INFO] Finished inserting GCF_014303955.1
2025-12-12 00:52:31,093 [INFO] Finished inserting GCF_029962585.1
2025-12-12 00:52:32,117 [INFO] Finished inserting GCF_034087045.1
2025-12-12 00:52:32,506 [INFO] Finished inserting GCF_046109915.1
2025-12-12 00:52:33,120 [INFO] Finished inserting GCF_030122805.1
2025-12-12 00:52:33,899 [INFO] Finished inserting GCF_025665315.1
2025-12-12 00:52:34,777 [INFO] Finished inserting GCF_030518795.1
2025-12-12 00:52:35,795 [INFO] Finished inserting GCF_031844645.1
2025-12-12 00:52:36,302 [INFO] Finished inserting GCF_044499995.1
2025-12-12 00:52:36,856 [INFO] Finished inserting GCF_044595335.1
2025-12-12 00:52:37,309 [INFO] Finished inserting GCF_024606005.1
2025-12-12 00:52:38,148 [INFO] Finished inserting GCF_045037875.1
2025-12-12 00:52:38,693 [INFO] Finished inserting GCA_037201705.1
2025-12-12 00:52:39,202 [INFO] Finished inserting GCF_041729615.1
2025-12-12 00:52:39,565 [INFO] Finished inserting GCF_029391915.1
2025-12-12 00:52:40,144 [INFO] Finished inserting GCF_011068285.1
2025-12-12 00:52:40,759 [INFO] Finished inserting GCF_024362385.1
2025-12-12 00:52:41,189 [INFO] Finished inserting GCF_024605895.1
2025-12-12 00:52:41,811 [INFO] Finished inserting GCF_044499985.1
2025-12-12 00:52:42,513 [INFO] Finished inserting GCF_025398015.1
2025-12-12 00:52:42,800 [INFO] Finished inserting GCF_029625275.1
2025-12-12 00:52:43,304 [INFO] Finished inserting GCA_023612635.1
2025-12-12 00:52:43,734 [INFO] Finished inserting GCF_041200005.1
2025-12-12 00:52:44,085 [INFO] Finished inserting GCF_035907395.1
2025-12-12 00:52:44,528 [INFO] Finished inserting GCF_964034995.1
2025-12-12 00:52:45,191 [INFO] Finished inserting GCF_006980565.2
2025-12-12 00:52:45,656 [INFO] Finished inserting GCF_031326125.1
2025-12-12 00:52:46,280 [INFO] Finished inserting GCF_023278085.1
2025-12-12 00:52:46,791 [INFO] Finished inserting GCA_024300805.1
2025-12-12 00:52:47,112 [INFO] Finished inserting GCF_019443945.1
2025-12-12 00:52:47,511 [INFO] Finished inserting GCF_014679925.1
2025-12-12 00:52:47,812 [INFO] Finished inserting GCF_035658435.1
2025-12-12 00:52:48,474 [INFO] Finished inserting GCF_030718995.1
2025-12-12 00:52:49,615 [INFO] Finished inserting GCF_024380055.1
2025-12-12 00:52:50,195 [INFO] Finished inserting GCF_034376465.1
2025-12-12 00:52:50,920 [INFO] Finished inserting GCF_030296615.1
2025-12-12 00:52:51,820 [INFO] Finished inserting GCF_029866425.1
2025-12-12 00:52:52,721 [INFO] Finished inserting GCF_029537015.1
2025-12-12 00:52:52,984 [INFO] Finished inserting GCF_002007085.2
2025-12-12 00:52:53,800 [INFO] Finished inserting GCF_024917975.1
2025-12-12 00:52:54,179 [INFO] Finished inserting GCF_040436395.1
2025-12-12 00:52:54,364 [INFO] Finished inserting GCF_964340835.1
2025-12-12 00:52:54,858 [INFO] Finished inserting GCF_030931715.1
2025-12-12 00:52:55,211 [INFO] Finished inserting GCF_018223625.1
2025-12-12 00:52:55,725 [INFO] Finished inserting GCF_001468185.2
2025-12-12 00:52:56,699 [INFO] Finished inserting GCF_043099725.1
2025-12-12 00:52:57,665 [INFO] Finished inserting GCF_045037975.1
2025-12-12 00:52:58,363 [INFO] Finished inserting GCF_030291935.1
2025-12-12 00:52:58,848 [INFO] Finished inserting GCF_019565455.1
2025-12-12 00:52:59,665 [INFO] Finished inserting GCF_037948395.1
2025-12-12 00:52:59,911 [INFO] Finished inserting GCF_027557675.1
2025-12-12 00:53:00,323 [INFO] Finished inserting GCF_030388305.1
2025-12-12 00:53:00,726 [INFO] Finished inserting GCF_043162025.1
2025-12-12 00:53:01,178 [INFO] Finished inserting GCF_030505695.1
2025-12-12 00:53:01,479 [INFO] Finished inserting GCF_030503795.1
2025-12-12 00:53:02,131 [INFO] Finished inserting GCA_002886105.1
2025-12-12 00:53:03,028 [INFO] Finished inserting GCF_020637575.2
2025-12-12 00:53:04,099 [INFO] Finished inserting GCF_027942015.1
2025-12-12 00:53:04,729 [INFO] Finished inserting GCA_030759595.1
2025-12-12 00:53:05,496 [INFO] Finished inserting GCF_016599655.1
2025-12-12 00:53:05,867 [INFO] Finished inserting GCF_032758595.1
2025-12-12 00:53:06,754 [INFO] Finished inserting GCF_947090825.1
2025-12-12 00:53:07,527 [INFO] Finished inserting GCF_045784335.1
2025-12-12 00:53:07,830 [INFO] Finished inserting GCF_030060925.1
2025-12-12 00:53:09,081 [INFO] Finished inserting GCF_044056785.1
2025-12-12 00:53:09,758 [INFO] Finished inserting GCF_023823795.1
2025-12-12 00:53:10,612 [INFO] Finished inserting GCF_030292135.1
2025-12-12 00:53:11,516 [INFO] Finished inserting GCF_044336365.1
2025-12-12 00:53:12,343 [INFO] Finished inserting GCF_006171285.1
2025-12-12 00:53:13,263 [INFO] Finished inserting GCF_041319905.1
2025-12-12 00:53:13,827 [INFO] Finished inserting GCA_007333575.2
2025-12-12 00:53:14,408 [INFO] Finished inserting GCF_017742995.1
2025-12-12 00:53:15,098 [INFO] Finished inserting GCF_030913705.1
2025-12-12 00:53:15,725 [INFO] Finished inserting GCF_036865485.1
2025-12-12 00:53:16,544 [INFO] Finished inserting GCA_004521945.2
2025-12-12 00:53:17,102 [INFO] Finished inserting GCF_030863805.1
2025-12-12 00:53:17,501 [INFO] Finished inserting GCF_030296555.1
2025-12-12 00:53:17,921 [INFO] Finished inserting GCF_024266955.1
2025-12-12 00:53:18,394 [INFO] Finished inserting GCF_022429565.1
2025-12-12 00:53:19,194 [INFO] Finished inserting GCF_030915465.1
2025-12-12 00:53:19,692 [INFO] Finished inserting GCF_026168555.1
2025-12-12 00:53:20,235 [INFO] Finished inserting GCF_041021955.1
2025-12-12 00:53:21,104 [INFO] Finished inserting GCF_037201975.1
2025-12-12 00:53:21,450 [INFO] Finished inserting GCA_042434925.1
2025-12-12 00:53:22,461 [INFO] Finished inserting GCF_009362995.1
2025-12-12 00:53:22,988 [INFO] Finished inserting GCF_040961385.1
2025-12-12 00:53:23,485 [INFO] Finished inserting GCF_044598075.1
2025-12-12 00:53:23,744 [INFO] Finished inserting GCF_027116455.1
2025-12-12 00:53:24,539 [INFO] Finished inserting GCF_033971265.1
2025-12-12 00:53:25,001 [INFO] Finished inserting GCF_025231525.1
2025-12-12 00:53:25,963 [INFO] Finished inserting GCF_044056015.1
2025-12-12 00:53:26,742 [INFO] Finished inserting GCF_007833955.1
2025-12-12 00:53:27,377 [INFO] Finished inserting GCA_018388625.1
2025-12-12 00:53:27,693 [INFO] Finished inserting GCF_043162015.1
2025-12-12 00:53:28,377 [INFO] Finished inserting GCF_011044475.1
2025-12-12 00:53:28,901 [INFO] Finished inserting GCA_007923165.1
2025-12-12 00:53:29,204 [INFO] Finished inserting GCA_024968345.1
2025-12-12 00:53:30,293 [INFO] Finished inserting GCF_021484945.1
2025-12-12 00:53:30,838 [INFO] Finished inserting GCF_030296835.1
2025-12-12 00:53:31,450 [INFO] Finished inserting GCA_029023745.1
2025-12-12 00:53:31,771 [INFO] Finished inserting GCF_030168495.1
2025-12-12 00:53:32,193 [INFO] Finished inserting GCF_008152325.1
2025-12-12 00:53:32,662 [INFO] Finished inserting GCF_044597005.1
2025-12-12 00:53:33,229 [INFO] Finished inserting GCF_044361575.1
2025-12-12 00:53:33,692 [INFO] Finished inserting GCA_016700055.1
2025-12-12 00:53:33,919 [INFO] Finished inserting GCF_037482165.1
2025-12-12 00:53:34,415 [INFO] Finished inserting GCF_041080865.1
2025-12-12 00:53:35,107 [INFO] Finished inserting GCF_035658495.1
2025-12-12 00:53:35,491 [INFO] Finished inserting GCA_030252205.1
2025-12-12 00:53:35,927 [INFO] Finished inserting GCF_034372165.1
2025-12-12 00:53:36,441 [INFO] Finished inserting GCF_042188925.1
2025-12-12 00:53:37,289 [INFO] Finished inserting GCA_021065985.2
2025-12-12 00:53:37,689 [INFO] Finished inserting GCF_026016445.1
2025-12-12 00:53:38,292 [INFO] Finished inserting GCF_036870955.2
2025-12-12 00:53:39,090 [INFO] Finished inserting GCF_024759405.1
2025-12-12 00:53:39,858 [INFO] Finished inserting GCF_023823835.1
2025-12-12 00:53:40,587 [INFO] Finished inserting GCF_040438925.1
2025-12-12 00:53:41,171 [INFO] Finished inserting GCF_009671145.1
2025-12-12 00:53:41,760 [INFO] Finished inserting GCF_045348255.1
2025-12-12 00:53:42,424 [INFO] Finished inserting GCA_029321015.1
2025-12-12 00:53:44,163 [INFO] Finished inserting GCF_012427845.1
2025-12-12 00:53:44,488 [INFO] Finished inserting GCF_030517085.1
2025-12-12 00:53:45,250 [INFO] Finished inserting GCA_035610185.1
2025-12-12 00:53:46,168 [INFO] Finished inserting GCF_022354485.1
2025-12-12 00:53:46,428 [INFO] Finished inserting GCF_021560575.1
2025-12-12 00:53:47,114 [INFO] Finished inserting GCF_029457495.1
2025-12-12 00:53:47,844 [INFO] Finished inserting GCF_040784925.1
2025-12-12 00:53:48,538 [INFO] Finished inserting GCA_020887765.2
2025-12-12 00:53:49,484 [INFO] Finished inserting GCF_030127045.1
2025-12-12 00:53:50,523 [INFO] Finished inserting GCF_042466665.1
2025-12-12 00:53:51,332 [INFO] Finished inserting GCF_020423045.1
2025-12-12 00:53:51,674 [INFO] Finished inserting GCF_022493055.1
2025-12-12 00:53:52,097 [INFO] Finished inserting GCF_044594925.1
2025-12-12 00:53:52,995 [INFO] Finished inserting GCF_032108445.1
2025-12-12 00:53:53,851 [INFO] Finished inserting GCA_045690295.1
2025-12-12 00:53:54,465 [INFO] Finished inserting GCF_042604575.1
2025-12-12 00:53:55,089 [INFO] Finished inserting GCF_032921865.1
2025-12-12 00:53:55,797 [INFO] Finished inserting GCF_040142795.1
2025-12-12 00:53:56,655 [INFO] Finished inserting GCA_007163885.2
2025-12-12 00:53:57,039 [INFO] Finished inserting GCF_034661295.1
2025-12-12 00:53:58,040 [INFO] Finished inserting GCA_029972295.1
2025-12-12 00:53:58,888 [INFO] Finished inserting GCA_013127575.1
2025-12-12 00:53:59,830 [INFO] Finished inserting GCA_038049915.1
2025-12-12 00:54:00,575 [INFO] Finished inserting GCF_041227765.1
2025-12-12 00:54:01,542 [INFO] Finished inserting GCF_030406905.1
2025-12-12 00:54:02,227 [INFO] Finished inserting GCF_963855525.1
2025-12-12 00:54:02,629 [INFO] Finished inserting GCF_024362365.1
2025-12-12 00:54:03,285 [INFO] Finished inserting GCF_010748935.1
2025-12-12 00:54:03,974 [INFO] Finished inserting GCF_029625315.1
2025-12-12 00:54:04,795 [INFO] Finished inserting GCF_017347385.1
2025-12-12 00:54:05,738 [INFO] Finished inserting GCF_029761955.1
2025-12-12 00:54:06,325 [INFO] Finished inserting GCF_961514395.1
2025-12-12 00:54:08,005 [INFO] SLURM_ARRAY_TASK_ID: 1
2025-12-12 00:54:08,005 [INFO] SLURM_ARRAY_TASK_COUNT: 5
2025-12-12 00:54:19,279 [INFO] SLURM_ARRAY_TASK_ID: 1
2025-12-12 00:54:19,279 [INFO] SLURM_ARRAY_TASK_COUNT: 5
