2025-12-12 00:49:50,180 [INFO] SLURM_ARRAY_TASK_ID: 2
2025-12-12 00:49:50,181 [INFO] SLURM_ARRAY_TASK_COUNT: 5
2025-12-12 00:49:57,365 [INFO] Total number of assemblies: 1958
2025-12-12 00:49:58,272 [INFO] Finished inserting GCF_044499405.1
2025-12-12 00:49:58,793 [INFO] Finished inserting GCF_030503875.2
2025-12-12 00:49:59,463 [INFO] Finished inserting GCF_022344005.1
2025-12-12 00:50:00,383 [INFO] Finished inserting GCF_029215895.1
2025-12-12 00:50:00,957 [INFO] Finished inserting GCF_026104355.1
2025-12-12 00:50:01,700 [INFO] Finished inserting GCA_035238425.1
2025-12-12 00:50:02,185 [INFO] Finished inserting GCF_019891395.1
2025-12-12 00:50:02,921 [INFO] Finished inserting GCF_023375565.1
2025-12-12 00:50:03,456 [INFO] Finished inserting GCA_043838375.1
2025-12-12 00:50:03,655 [INFO] Finished inserting GCA_016700095.1
2025-12-12 00:50:04,859 [INFO] Finished inserting GCF_011604505.1
2025-12-12 00:50:05,559 [INFO] Finished inserting GCA_040084665.1
2025-12-12 00:50:05,975 [INFO] Finished inserting GCF_045061065.1
2025-12-12 00:50:07,079 [INFO] Finished inserting GCF_035658475.1
2025-12-12 00:50:07,647 [INFO] Finished inserting GCF_030388325.1
2025-12-12 00:50:08,497 [INFO] Finished inserting GCA_040822005.1
2025-12-12 00:50:09,325 [INFO] Finished inserting GCA_023612115.1
2025-12-12 00:50:10,318 [INFO] Finished inserting GCF_045690365.1
2025-12-12 00:50:10,638 [INFO] Finished inserting GCF_022936085.1
2025-12-12 00:50:11,322 [INFO] Finished inserting GCF_036894365.1
2025-12-12 00:50:12,148 [INFO] Finished inserting GCF_030123105.1
2025-12-12 00:50:13,659 [INFO] Finished inserting GCF_030264295.1
2025-12-12 00:50:14,237 [INFO] Finished inserting GCF_044500595.1
2025-12-12 00:50:14,851 [INFO] Finished inserting GCF_022317005.1
2025-12-12 00:50:15,394 [INFO] Finished inserting GCF_004785625.2
2025-12-12 00:50:15,937 [INFO] Finished inserting GCF_029869925.1
2025-12-12 00:50:16,344 [INFO] Finished inserting GCF_022429645.1
2025-12-12 00:50:16,948 [INFO] Finished inserting GCF_038442735.1
2025-12-12 00:50:17,543 [INFO] Finished inserting GCF_963853665.1
2025-12-12 00:50:18,267 [INFO] Finished inserting GCF_022591595.1
2025-12-12 00:50:18,714 [INFO] Finished inserting GCF_022370455.1
2025-12-12 00:50:19,271 [INFO] Finished inserting GCF_045002895.1
2025-12-12 00:50:19,961 [INFO] Finished inserting GCF_014596895.2
2025-12-12 00:50:20,715 [INFO] Finished inserting GCF_040058975.1
2025-12-12 00:50:21,700 [INFO] Finished inserting GCF_020405165.1
2025-12-12 00:50:24,075 [INFO] Finished inserting GCF_022385335.1
2025-12-12 00:50:24,767 [INFO] Finished inserting GCA_042140115.1
2025-12-12 00:50:24,912 [INFO] Finished inserting GCA_016699245.1
2025-12-12 00:50:25,295 [INFO] Finished inserting GCF_030012905.1
2025-12-12 00:50:25,573 [INFO] Finished inserting GCF_000708635.2
2025-12-12 00:50:26,448 [INFO] Finished inserting GCF_045348645.1
2025-12-12 00:50:26,782 [INFO] Finished inserting GCF_022870965.1
2025-12-12 00:50:27,640 [INFO] Finished inserting GCF_030123505.1
2025-12-12 00:50:28,566 [INFO] Finished inserting GCF_024123875.1
2025-12-12 00:50:29,241 [INFO] Finished inserting GCF_019222725.1
2025-12-12 00:50:30,104 [INFO] Finished inserting GCF_029906565.1
2025-12-12 00:50:30,760 [INFO] Finished inserting GCF_016455205.1
2025-12-12 00:50:31,120 [INFO] Finished inserting GCF_044501775.1
2025-12-12 00:50:31,776 [INFO] Finished inserting GCF_021398955.1
2025-12-12 00:50:32,293 [INFO] Finished inserting GCF_042140175.1
2025-12-12 00:50:33,023 [INFO] Finished inserting GCF_016919545.1
2025-12-12 00:50:33,415 [INFO] Finished inserting GCF_043161975.1
2025-12-12 00:50:33,768 [INFO] Finished inserting GCF_016458825.1
2025-12-12 00:50:34,318 [INFO] Finished inserting GCF_030295425.1
2025-12-12 00:50:35,416 [INFO] Finished inserting GCF_040499845.1
2025-12-12 00:50:36,304 [INFO] Finished inserting GCF_037126175.1
2025-12-12 00:50:37,361 [INFO] Finished inserting GCA_034636615.1
2025-12-12 00:50:37,639 [INFO] Finished inserting GCA_014467095.1
2025-12-12 00:50:38,529 [INFO] Finished inserting GCF_045159825.1
2025-12-12 00:50:39,441 [INFO] Finished inserting GCF_026898155.1
2025-12-12 00:50:40,100 [INFO] Finished inserting GCF_031954525.1
2025-12-12 00:50:41,335 [INFO] Finished inserting GCF_042751225.1
2025-12-12 00:50:41,846 [INFO] Finished inserting GCF_021513195.1
2025-12-12 00:50:42,441 [INFO] Finished inserting GCA_028370155.1
2025-12-12 00:50:43,171 [INFO] Finished inserting GCF_034347385.1
2025-12-12 00:50:44,182 [INFO] Finished inserting GCA_004295565.1
2025-12-12 00:50:45,207 [INFO] Finished inserting GCF_045013505.1
2025-12-12 00:50:45,565 [INFO] Finished inserting GCF_041897555.1
2025-12-12 00:50:46,541 [INFO] Finished inserting GCF_016772475.1
2025-12-12 00:50:47,089 [INFO] Finished inserting GCF_021582895.2
2025-12-12 00:50:47,931 [INFO] Finished inserting GCF_025452215.1
2025-12-12 00:50:48,946 [INFO] Finished inserting GCF_023277945.1
2025-12-12 00:50:49,431 [INFO] Finished inserting GCF_039556175.1
2025-12-12 00:50:49,792 [INFO] Finished inserting GCF_021957045.1
2025-12-12 00:50:50,064 [INFO] Finished inserting GCF_023614525.1
2025-12-12 00:50:50,607 [INFO] Finished inserting GCF_033193315.1
2025-12-12 00:50:50,922 [INFO] Finished inserting GCF_020883435.1
2025-12-12 00:50:51,639 [INFO] Finished inserting GCF_040438935.1
2025-12-12 00:50:52,336 [INFO] Finished inserting GCF_020616615.1
2025-12-12 00:50:53,031 [INFO] Finished inserting GCF_041504345.1
2025-12-12 00:50:53,659 [INFO] Finished inserting GCF_030296675.1
2025-12-12 00:50:54,479 [INFO] Finished inserting GCF_019884785.1
2025-12-12 00:50:54,752 [INFO] Finished inserting GCF_021432185.1
2025-12-12 00:50:55,883 [INFO] Finished inserting GCF_045070545.1
2025-12-12 00:50:56,078 [INFO] Finished inserting GCF_040790705.1
2025-12-12 00:50:57,060 [INFO] Finished inserting GCF_014274465.1
2025-12-12 00:50:57,681 [INFO] Finished inserting GCF_042473625.1
2025-12-12 00:50:58,815 [INFO] Finished inserting GCF_042019905.1
2025-12-12 00:50:59,889 [INFO] Finished inserting GCF_041154595.1
2025-12-12 00:51:00,785 [INFO] Finished inserting GCF_038443705.2
2025-12-12 00:51:02,102 [INFO] Finished inserting GCF_027625935.1
2025-12-12 00:51:02,608 [INFO] Finished inserting GCF_037023735.1
2025-12-12 00:51:03,269 [INFO] Finished inserting GCF_014189505.1
2025-12-12 00:51:04,404 [INFO] Finished inserting GCF_042434915.1
2025-12-12 00:51:05,116 [INFO] Finished inserting GCF_035610385.1
2025-12-12 00:51:05,554 [INFO] Finished inserting GCF_022809755.1
2025-12-12 00:51:06,270 [INFO] Finished inserting GCF_036865535.1
2025-12-12 00:51:06,752 [INFO] Finished inserting GCF_029639405.1
2025-12-12 00:51:07,371 [INFO] Finished inserting GCF_028010285.1
2025-12-12 00:51:08,016 [INFO] Finished inserting GCF_045586155.1
2025-12-12 00:51:08,258 [INFO] Finished inserting GCF_000466925.3
2025-12-12 00:51:09,078 [INFO] Finished inserting GCA_023374955.1
2025-12-12 00:51:10,203 [INFO] Finished inserting GCF_037071415.1
2025-12-12 00:51:11,023 [INFO] Finished inserting GCF_000807775.2
2025-12-12 00:51:11,602 [INFO] Finished inserting GCF_024703955.2
2025-12-12 00:51:12,365 [INFO] Finished inserting GCF_029625495.1
2025-12-12 00:51:12,959 [INFO] Finished inserting GCF_026014005.1
2025-12-12 00:51:13,496 [INFO] Finished inserting GCF_028622835.1
2025-12-12 00:51:14,104 [INFO] Finished inserting GCA_029961725.1
2025-12-12 00:51:14,974 [INFO] Finished inserting GCF_022385315.1
2025-12-12 00:51:15,522 [INFO] Finished inserting GCF_032773895.1
2025-12-12 00:51:16,010 [INFO] Finished inserting GCF_044596715.1
2025-12-12 00:51:16,437 [INFO] Finished inserting GCF_029492705.2
2025-12-12 00:51:17,228 [INFO] Finished inserting GCF_015910325.1
2025-12-12 00:51:17,652 [INFO] Finished inserting GCF_003008475.2
2025-12-12 00:51:18,285 [INFO] Finished inserting GCF_045712965.1
2025-12-12 00:51:18,797 [INFO] Finished inserting GCF_033194995.1
2025-12-12 00:51:19,337 [INFO] Finished inserting GCF_037913045.1
2025-12-12 00:51:19,645 [INFO] Finished inserting GCA_017134815.1
2025-12-12 00:51:20,187 [INFO] Finished inserting GCF_026104315.1
2025-12-12 00:51:21,277 [INFO] Finished inserting GCF_045571485.1
2025-12-12 00:51:21,638 [INFO] Finished inserting GCF_042492175.1
2025-12-12 00:51:22,947 [INFO] Finished inserting GCF_041080655.1
2025-12-12 00:51:23,632 [INFO] Finished inserting GCF_011046535.1
2025-12-12 00:51:24,390 [INFO] Finished inserting GCF_026278345.1
2025-12-12 00:51:25,279 [INFO] Finished inserting GCF_034353045.1
2025-12-12 00:51:25,634 [INFO] Finished inserting GCF_013394385.1
2025-12-12 00:51:26,186 [INFO] Finished inserting GCF_014400405.1
2025-12-12 00:51:26,549 [INFO] Finished inserting GCF_030406725.1
2025-12-12 00:51:27,445 [INFO] Finished inserting GCF_029536165.1
2025-12-12 00:51:27,997 [INFO] Finished inserting GCA_042847045.1
2025-12-12 00:51:28,907 [INFO] Finished inserting GCF_042701485.1
2025-12-12 00:51:29,683 [INFO] Finished inserting GCF_020149545.1
2025-12-12 00:51:29,916 [INFO] Finished inserting GCF_029542645.1
2025-12-12 00:51:30,282 [INFO] Finished inserting GCF_044594915.1
2025-12-12 00:51:30,766 [INFO] Finished inserting GCF_032923285.1
2025-12-12 00:51:31,294 [INFO] Finished inserting GCF_019774515.1
2025-12-12 00:51:31,846 [INFO] Finished inserting GCF_030291115.1
2025-12-12 00:51:32,575 [INFO] Finished inserting GCF_026109755.1
2025-12-12 00:51:33,103 [INFO] Finished inserting GCF_026013725.1
2025-12-12 00:51:33,320 [INFO] Finished inserting GCF_030250365.2
2025-12-12 00:51:33,808 [INFO] Finished inserting GCF_030582015.1
2025-12-12 00:51:34,466 [INFO] Finished inserting GCF_031199375.1
2025-12-12 00:51:35,022 [INFO] Finished inserting GCF_032922745.1
2025-12-12 00:51:35,656 [INFO] Finished inserting GCF_029320955.1
2025-12-12 00:51:35,848 [INFO] Finished inserting GCF_013458815.1
2025-12-12 00:51:36,308 [INFO] Finished inserting GCF_030020345.1
2025-12-12 00:51:36,885 [INFO] Finished inserting GCF_024296865.1
2025-12-12 00:51:37,995 [INFO] Finished inserting GCF_023823915.1
2025-12-12 00:51:38,316 [INFO] Finished inserting GCF_964065165.1
2025-12-12 00:51:39,371 [INFO] Finished inserting GCF_033406955.1
2025-12-12 00:51:40,035 [INFO] Finished inserting GCA_022569735.1
2025-12-12 00:51:40,687 [INFO] Finished inserting GCF_023823895.1
2025-12-12 00:51:41,295 [INFO] Finished inserting GCF_034377145.1
2025-12-12 00:51:41,901 [INFO] Finished inserting GCF_030062435.1
2025-12-12 00:51:42,926 [INFO] Finished inserting GCF_033097305.1
2025-12-12 00:51:43,459 [INFO] Finished inserting GCF_040276445.1
2025-12-12 00:51:43,982 [INFO] Finished inserting GCA_009797605.1
2025-12-12 00:51:44,299 [INFO] Finished inserting GCF_044053135.1
2025-12-12 00:51:45,135 [INFO] Finished inserting GCF_030169265.1
2025-12-12 00:51:45,761 [INFO] Finished inserting GCF_021496925.1
2025-12-12 00:51:46,862 [INFO] Finished inserting GCA_024703915.1
2025-12-12 00:51:47,576 [INFO] Finished inserting GCF_023823855.1
2025-12-12 00:51:48,223 [INFO] Finished inserting GCF_024362245.1
2025-12-12 00:51:48,833 [INFO] Finished inserting GCF_036866135.1
2025-12-12 00:51:49,729 [INFO] Finished inserting GCA_043231255.1
2025-12-12 00:51:49,826 [INFO] Finished inserting GCF_045006005.1
2025-12-12 00:51:50,319 [INFO] Finished inserting GCF_030505395.1
2025-12-12 00:51:50,881 [INFO] Finished inserting GCF_040256395.1
2025-12-12 00:51:51,446 [INFO] Finished inserting GCA_045287315.1
2025-12-12 00:51:52,204 [INFO] Finished inserting GCA_036584005.1
2025-12-12 00:51:52,762 [INFO] Finished inserting GCF_016743815.1
2025-12-12 00:51:53,662 [INFO] Finished inserting GCF_011046735.1
2025-12-12 00:51:54,210 [INFO] Finished inserting GCF_009739515.1
2025-12-12 00:51:55,031 [INFO] Finished inserting GCF_030323285.1
2025-12-12 00:51:55,666 [INFO] Finished inserting GCF_018388785.1
2025-12-12 00:51:56,361 [INFO] Finished inserting GCF_019048865.1
2025-12-12 00:51:57,212 [INFO] Finished inserting GCF_046058935.1
2025-12-12 00:51:57,465 [INFO] Finished inserting GCF_043161955.1
2025-12-12 00:51:57,954 [INFO] Finished inserting GCF_003244395.3
2025-12-12 00:51:58,374 [INFO] Finished inserting GCF_041429785.1
2025-12-12 00:51:59,069 [INFO] Finished inserting GCF_040932595.1
2025-12-12 00:51:59,713 [INFO] Finished inserting GCA_044501205.1
2025-12-12 00:52:00,292 [INFO] Finished inserting GCF_014946775.2
2025-12-12 00:52:00,875 [INFO] Finished inserting GCF_040616485.1
2025-12-12 00:52:01,330 [INFO] Finished inserting GCF_036322665.1
2025-12-12 00:52:01,700 [INFO] Finished inserting GCF_040969805.1
2025-12-12 00:52:02,325 [INFO] Finished inserting GCF_025258785.1
2025-12-12 00:52:03,072 [INFO] Finished inserting GCF_026248825.1
2025-12-12 00:52:03,667 [INFO] Finished inserting GCA_029906525.1
2025-12-12 00:52:04,670 [INFO] Finished inserting GCF_024494485.1
2025-12-12 00:52:05,288 [INFO] Finished inserting GCF_038098645.1
2025-12-12 00:52:05,968 [INFO] Finished inserting GCF_027941955.1
2025-12-12 00:52:06,644 [INFO] Finished inserting GCF_024494525.1
2025-12-12 00:52:07,307 [INFO] Finished inserting GCF_044501175.1
2025-12-12 00:52:07,996 [INFO] Finished inserting GCF_021535135.1
2025-12-12 00:52:08,699 [INFO] Finished inserting GCF_045257735.1
2025-12-12 00:52:09,449 [INFO] Finished inserting GCA_035203565.1
2025-12-12 00:52:10,183 [INFO] Finished inserting GCF_011046485.1
2025-12-12 00:52:11,310 [INFO] Finished inserting GCF_037055355.1
2025-12-12 00:52:12,058 [INFO] Finished inserting GCA_030020925.1
2025-12-12 00:52:12,804 [INFO] Finished inserting GCF_014854835.1
2025-12-12 00:52:13,672 [INFO] Finished inserting GCF_041876315.1
2025-12-12 00:52:14,288 [INFO] Finished inserting GCF_041429775.1
2025-12-12 00:52:15,078 [INFO] Finished inserting GCF_024971915.1
2025-12-12 00:52:15,963 [INFO] Finished inserting GCA_030012805.1
2025-12-12 00:52:16,621 [INFO] Finished inserting GCA_030144795.1
2025-12-12 00:52:17,283 [INFO] Finished inserting GCF_014680125.1
2025-12-12 00:52:17,604 [INFO] Finished inserting GCF_005601135.1
2025-12-12 00:52:18,406 [INFO] Finished inserting GCF_021462285.1
2025-12-12 00:52:19,187 [INFO] Finished inserting GCF_016413685.1
2025-12-12 00:52:19,805 [INFO] Finished inserting GCF_009429025.1
2025-12-12 00:52:20,310 [INFO] Finished inserting GCF_031582865.1
2025-12-12 00:52:20,739 [INFO] Finished inserting GCF_964062525.1
2025-12-12 00:52:21,542 [INFO] Finished inserting GCF_027947515.1
2025-12-12 00:52:22,077 [INFO] Finished inserting GCF_042688525.2
2025-12-12 00:52:22,938 [INFO] Finished inserting GCF_024703895.1
2025-12-12 00:52:23,431 [INFO] Finished inserting GCA_030644725.1
2025-12-12 00:52:24,826 [INFO] Finished inserting GCF_040782645.1
2025-12-12 00:52:25,087 [INFO] Finished inserting GCA_041937435.1
2025-12-12 00:52:25,585 [INFO] Finished inserting GCA_016700155.1
2025-12-12 00:52:26,171 [INFO] Finished inserting GCF_039620435.1
2025-12-12 00:52:26,664 [INFO] Finished inserting GCF_020809405.1
2025-12-12 00:52:27,773 [INFO] Finished inserting GCF_045571415.1
2025-12-12 00:52:28,921 [INFO] Finished inserting GCF_026802195.1
2025-12-12 00:52:29,654 [INFO] Finished inserting GCF_040930405.1
2025-12-12 00:52:30,227 [INFO] Finished inserting GCF_029536875.1
2025-12-12 00:52:31,054 [INFO] Finished inserting GCF_021869625.1
2025-12-12 00:52:31,632 [INFO] Finished inserting GCF_014490665.1
2025-12-12 00:52:32,049 [INFO] Finished inserting GCF_044501765.1
2025-12-12 00:52:32,565 [INFO] Finished inserting GCF_041429795.1
2025-12-12 00:52:32,984 [INFO] Finished inserting GCF_033558715.1
2025-12-12 00:52:33,314 [INFO] Finished inserting GCF_964060345.1
2025-12-12 00:52:33,785 [INFO] Finished inserting GCF_042493225.1
2025-12-12 00:52:34,112 [INFO] Finished inserting GCA_018398995.1
2025-12-12 00:52:35,083 [INFO] Finished inserting GCF_045865985.1
2025-12-12 00:52:36,049 [INFO] Finished inserting GCF_045278815.1
2025-12-12 00:52:36,948 [INFO] Finished inserting GCF_947090765.1
2025-12-12 00:52:37,524 [INFO] Finished inserting GCA_016350165.1
2025-12-12 00:52:38,082 [INFO] Finished inserting GCF_030291135.1
2025-12-12 00:52:38,604 [INFO] Finished inserting GCF_026625145.1
2025-12-12 00:52:39,175 [INFO] Finished inserting GCF_042140275.1
2025-12-12 00:52:39,829 [INFO] Finished inserting GCF_023824015.1
2025-12-12 00:52:40,508 [INFO] Finished inserting GCF_041276585.2
2025-12-12 00:52:41,227 [INFO] Finished inserting GCF_030122415.1
2025-12-12 00:52:41,698 [INFO] Finished inserting GCF_002499975.2
2025-12-12 00:52:42,641 [INFO] Finished inserting GCF_014495705.1
2025-12-12 00:52:43,101 [INFO] Finished inserting GCF_030913635.1
2025-12-12 00:52:43,652 [INFO] Finished inserting GCF_029909775.1
2025-12-12 00:52:44,137 [INFO] Finished inserting GCF_030505335.1
2025-12-12 00:52:45,106 [INFO] Finished inserting GCA_040783425.1
2025-12-12 00:52:45,884 [INFO] Finished inserting GCF_041870065.1
2025-12-12 00:52:46,404 [INFO] Finished inserting GCF_034347425.1
2025-12-12 00:52:46,853 [INFO] Finished inserting GCF_024362185.1
2025-12-12 00:52:47,398 [INFO] Finished inserting GCF_024362305.1
2025-12-12 00:52:48,128 [INFO] Finished inserting GCF_030915405.1
2025-12-12 00:52:48,577 [INFO] Finished inserting GCF_040833955.1
2025-12-12 00:52:49,301 [INFO] Finished inserting GCF_030718915.1
2025-12-12 00:52:50,135 [INFO] Finished inserting GCF_014189415.1
2025-12-12 00:52:50,447 [INFO] Finished inserting GCF_028622815.1
2025-12-12 00:52:51,028 [INFO] Finished inserting GCA_042701975.1
2025-12-12 00:52:51,654 [INFO] Finished inserting GCF_038449125.1
2025-12-12 00:52:52,105 [INFO] Finished inserting GCF_964069135.1
2025-12-12 00:52:52,641 [INFO] Finished inserting GCF_016657085.1
2025-12-12 00:52:53,052 [INFO] Finished inserting GCA_027920565.1
2025-12-12 00:52:53,618 [INFO] Finished inserting GCF_043995075.1
2025-12-12 00:52:54,925 [INFO] Finished inserting GCA_025641845.1
2025-12-12 00:52:55,594 [INFO] Finished inserting GCF_030166455.1
2025-12-12 00:52:56,201 [INFO] Finished inserting GCF_024758025.1
2025-12-12 00:52:56,774 [INFO] Finished inserting GCF_021166035.1
2025-12-12 00:52:57,154 [INFO] Finished inserting GCF_021398715.1
2025-12-12 00:52:57,753 [INFO] Finished inserting GCF_014170115.1
2025-12-12 00:52:58,418 [INFO] Finished inserting GCF_020524205.2
2025-12-12 00:52:59,147 [INFO] Finished inserting GCF_024759205.1
2025-12-12 00:53:00,128 [INFO] Finished inserting GCF_036894235.1
2025-12-12 00:53:00,801 [INFO] Finished inserting GCF_036865115.1
2025-12-12 00:53:01,204 [INFO] Finished inserting GCF_043161945.1
2025-12-12 00:53:01,809 [INFO] Finished inserting GCF_040448525.1
2025-12-12 00:53:02,566 [INFO] Finished inserting GCF_019581175.1
2025-12-12 00:53:03,153 [INFO] Finished inserting GCA_016699675.1
2025-12-12 00:53:03,655 [INFO] Finished inserting GCF_003008415.2
2025-12-12 00:53:04,006 [INFO] Finished inserting GCF_045862805.1
2025-12-12 00:53:04,647 [INFO] Finished inserting GCF_018449005.1
2025-12-12 00:53:05,092 [INFO] Finished inserting GCF_017579825.1
2025-12-12 00:53:05,906 [INFO] Finished inserting GCF_029962285.1
2025-12-12 00:53:06,426 [INFO] Finished inserting GCF_030450055.1
2025-12-12 00:53:07,164 [INFO] Finished inserting GCF_041956815.1
2025-12-12 00:53:07,890 [INFO] Finished inserting GCF_000452825.2
2025-12-12 00:53:08,453 [INFO] Finished inserting GCF_040833985.1
2025-12-12 00:53:09,833 [INFO] Finished inserting GCF_037993025.1
2025-12-12 00:53:10,949 [INFO] Finished inserting GCF_032612255.1
2025-12-12 00:53:11,611 [INFO] Finished inserting GCF_030219925.1
2025-12-12 00:53:12,033 [INFO] Finished inserting GCF_030732185.1
2025-12-12 00:53:12,684 [INFO] Finished inserting GCF_030931015.1
2025-12-12 00:53:13,781 [INFO] Finished inserting GCF_044501195.1
2025-12-12 00:53:14,943 [INFO] Finished inserting GCF_045571445.1
2025-12-12 00:53:15,410 [INFO] Finished inserting GCF_046254905.1
2025-12-12 00:53:16,169 [INFO] Finished inserting GCF_027571385.1
2025-12-12 00:53:17,161 [INFO] Finished inserting GCF_022354505.1
2025-12-12 00:53:18,620 [INFO] Finished inserting GCA_012275145.2
2025-12-12 00:53:19,114 [INFO] Finished inserting GCF_025639805.1
2025-12-12 00:53:19,448 [INFO] Finished inserting GCF_028870515.1
2025-12-12 00:53:19,860 [INFO] Finished inserting GCA_016699735.1
2025-12-12 00:53:20,179 [INFO] Finished inserting GCF_023525255.1
2025-12-12 00:53:20,741 [INFO] Finished inserting GCF_014171475.1
2025-12-12 00:53:21,228 [INFO] Finished inserting GCF_040784005.1
2025-12-12 00:53:21,688 [INFO] Finished inserting GCF_006542605.1
2025-12-12 00:53:22,151 [INFO] Finished inserting GCF_003721155.3
2025-12-12 00:53:22,845 [INFO] Finished inserting GCF_030389965.1
2025-12-12 00:53:23,604 [INFO] Finished inserting GCF_030263935.1
2025-12-12 00:53:24,057 [INFO] Finished inserting GCF_045345115.1
2025-12-12 00:53:24,962 [INFO] Finished inserting GCF_044029435.1
2025-12-12 00:53:25,587 [INFO] Finished inserting GCF_019797765.1
2025-12-12 00:53:26,582 [INFO] Finished inserting GCF_029215855.1
2025-12-12 00:53:27,163 [INFO] Finished inserting GCA_029168575.1
2025-12-12 00:53:27,581 [INFO] Finished inserting GCF_000144955.2
2025-12-12 00:53:28,118 [INFO] Finished inserting GCF_044501755.1
2025-12-12 00:53:28,856 [INFO] Finished inserting GCF_014596715.2
2025-12-12 00:53:29,374 [INFO] Finished inserting GCF_040267695.1
2025-12-12 00:53:30,136 [INFO] Finished inserting GCF_013256255.1
2025-12-12 00:53:30,425 [INFO] Finished inserting GCF_030252165.1
2025-12-12 00:53:30,904 [INFO] Finished inserting GCF_040783975.1
2025-12-12 00:53:31,201 [INFO] Finished inserting GCF_029910535.1
2025-12-12 00:53:31,732 [INFO] Finished inserting GCF_014297575.1
2025-12-12 00:53:32,450 [INFO] Finished inserting GCF_030323065.1
2025-12-12 00:53:32,986 [INFO] Finished inserting GCF_030011555.1
2025-12-12 00:53:34,179 [INFO] Finished inserting GCF_041346965.1
2025-12-12 00:53:34,790 [INFO] Finished inserting GCF_009810215.1
2025-12-12 00:53:35,282 [INFO] Finished inserting GCF_019334405.1
2025-12-12 00:53:36,300 [INFO] Finished inserting GCA_043099345.1
2025-12-12 00:53:36,604 [INFO] Finished inserting GCF_041410355.1
2025-12-12 00:53:37,259 [INFO] Finished inserting GCF_014171595.1
2025-12-12 00:53:38,033 [INFO] Finished inserting GCA_041002895.1
2025-12-12 00:53:38,575 [INFO] Finished inserting GCF_030291055.1
2025-12-12 00:53:38,948 [INFO] Finished inserting GCF_026184355.1
2025-12-12 00:53:39,343 [INFO] Finished inserting GCF_019203185.1
2025-12-12 00:53:40,311 [INFO] Finished inserting GCF_030292205.1
2025-12-12 00:53:41,214 [INFO] Finished inserting GCF_022220465.1
2025-12-12 00:53:41,830 [INFO] Finished inserting GCF_000468575.2
2025-12-12 00:53:43,908 [INFO] Finished inserting GCA_041475615.1
2025-12-12 00:53:44,268 [INFO] Finished inserting GCF_044596335.1
2025-12-12 00:53:45,324 [INFO] Finished inserting GCF_032918005.1
2025-12-12 00:53:45,780 [INFO] Finished inserting GCF_025643395.1
2025-12-12 00:53:46,306 [INFO] Finished inserting GCF_041956835.1
2025-12-12 00:53:46,827 [INFO] Finished inserting GCF_030913365.1
2025-12-12 00:53:47,593 [INFO] Finished inserting GCF_034043515.1
2025-12-12 00:53:48,290 [INFO] Finished inserting GCF_020151015.1
2025-12-12 00:53:48,830 [INFO] Finished inserting GCF_009017395.1
2025-12-12 00:53:49,322 [INFO] Finished inserting GCF_044597725.1
2025-12-12 00:53:50,266 [INFO] Finished inserting GCF_041117435.1
2025-12-12 00:53:51,108 [INFO] Finished inserting GCF_041941495.1
2025-12-12 00:53:51,888 [INFO] Finished inserting GCF_028421645.1
2025-12-12 00:53:52,630 [INFO] Finished inserting GCF_028752395.1
2025-12-12 00:53:53,251 [INFO] Finished inserting GCA_010451275.2
2025-12-12 00:53:53,794 [INFO] Finished inserting GCF_032922545.1
2025-12-12 00:53:55,014 [INFO] Finished inserting GCF_014189455.1
2025-12-12 00:53:55,898 [INFO] Finished inserting GCF_044055385.1
2025-12-12 00:53:56,428 [INFO] Finished inserting GCF_036417395.1
2025-12-12 00:53:57,016 [INFO] Finished inserting GCF_030710645.1
2025-12-12 00:53:57,646 [INFO] Finished inserting GCA_024397275.1
2025-12-12 00:53:58,215 [INFO] Finished inserting GCF_032075085.1
2025-12-12 00:53:58,945 [INFO] Finished inserting GCF_022870365.1
2025-12-12 00:53:59,383 [INFO] Finished inserting GCF_919654025.1
2025-12-12 00:53:59,767 [INFO] Finished inserting GCF_013348725.1
2025-12-12 00:54:01,265 [INFO] Finished inserting GCF_030292155.1
2025-12-12 00:54:02,161 [INFO] Finished inserting GCF_016894305.1
2025-12-12 00:54:02,492 [INFO] Finished inserting GCF_030296915.1
2025-12-12 00:54:04,166 [INFO] Finished inserting GCF_046267975.1
2025-12-12 00:54:05,472 [INFO] Finished inserting GCF_036287475.1
2025-12-12 00:54:06,237 [INFO] Finished inserting GCF_029866885.1
2025-12-12 00:54:07,103 [INFO] Finished inserting GCF_030167055.1
2025-12-12 00:54:08,273 [INFO] Finished inserting GCF_033109485.1
2025-12-12 00:54:08,749 [INFO] Finished inserting GCF_031297465.1
2025-12-12 00:54:09,177 [INFO] Finished inserting GCF_024205305.1
2025-12-12 00:54:09,830 [INFO] Finished inserting GCF_027558275.1
2025-12-12 00:54:11,120 [INFO] Finished inserting GCF_032918025.1
2025-12-12 00:54:11,563 [INFO] Finished inserting GCA_016700335.1
2025-12-12 00:54:12,034 [INFO] Finished inserting GCF_027941755.1
2025-12-12 00:54:12,393 [INFO] Finished inserting GCF_035066585.1
2025-12-12 00:54:13,737 [INFO] Finished inserting GCF_023515955.1
2025-12-12 00:54:14,201 [INFO] Finished inserting GCF_011765465.1
2025-12-12 00:54:14,852 [INFO] Finished inserting GCF_038630775.1
2025-12-12 00:54:15,117 [INFO] Finished inserting GCF_022213385.1
2025-12-12 00:54:16,014 [INFO] Finished inserting GCF_006094295.1
2025-12-12 00:54:17,460 [INFO] Finished inserting GCF_041080625.1
2025-12-12 00:54:18,411 [INFO] Finished inserting GCF_019968825.1
2025-12-12 00:54:18,779 [INFO] Finished inserting GCA_016699715.1
2025-12-12 00:54:19,276 [INFO] Finished inserting GCF_964063425.1
2025-12-12 00:54:27,102 [INFO] Database is locked, retrying 1/20
2025-12-12 00:54:29,605 [INFO] Finished inserting GCF_040409955.1
2025-12-12 00:54:30,667 [INFO] Finished inserting GCF_014117325.1
2025-12-12 00:54:31,130 [INFO] Finished inserting GCF_964065465.1
2025-12-12 00:54:31,728 [INFO] Finished inserting GCA_028865045.1
2025-12-12 00:54:33,350 [INFO] SLURM_ARRAY_TASK_ID: 2
2025-12-12 00:54:33,350 [INFO] SLURM_ARRAY_TASK_COUNT: 5
2025-12-12 00:54:42,784 [INFO] SLURM_ARRAY_TASK_ID: 2
2025-12-12 00:54:42,784 [INFO] SLURM_ARRAY_TASK_COUNT: 5
